ERROR - 2022-04-03 09:29:02 --> Error connecting to the database: Access denied for user ''@'localhost' (using password: NO)
CRITICAL - 2022-04-03 09:29:02 --> Unable to connect to the database.
Main connection [MySQLi]: Access denied for user ''@'localhost' (using password: NO)
#0 C:\laragon\www\cds4\system\Database\BaseConnection.php(577): CodeIgniter\Database\BaseConnection->initialize()
#1 C:\laragon\www\cds4\system\Database\BaseBuilder.php(1455): CodeIgniter\Database\BaseConnection->query('SELECT *\nFROM `...', Array, false)
#2 C:\laragon\www\cds4\app\Models\PortoModel.php(12): CodeIgniter\Database\BaseBuilder->get()
#3 C:\laragon\www\cds4\app\Controllers\Home.php(14): App\Models\PortoModel->getEdu()
#4 C:\laragon\www\cds4\system\CodeIgniter.php(832): App\Controllers\Home->index()
#5 C:\laragon\www\cds4\system\CodeIgniter.php(419): CodeIgniter\CodeIgniter->runController(Object(App\Controllers\Home))
#6 C:\laragon\www\cds4\system\CodeIgniter.php(326): CodeIgniter\CodeIgniter->handleRequest(NULL, Object(Config\Cache), false)
#7 C:\laragon\www\cds4\public\index.php(37): CodeIgniter\CodeIgniter->run()
#8 C:\laragon\www\cds4\system\Commands\Server\rewrite.php(43): require_once('C:\\laragon\\www\\...')
#9 {main}
ERROR - 2022-04-03 09:29:13 --> Error connecting to the database: Access denied for user ''@'localhost' (using password: NO)
CRITICAL - 2022-04-03 09:29:13 --> Unable to connect to the database.
Main connection [MySQLi]: Access denied for user ''@'localhost' (using password: NO)
#0 C:\laragon\www\cds4\system\Database\BaseConnection.php(577): CodeIgniter\Database\BaseConnection->initialize()
#1 C:\laragon\www\cds4\system\Database\BaseBuilder.php(1455): CodeIgniter\Database\BaseConnection->query('SELECT *\nFROM `...', Array, false)
#2 C:\laragon\www\cds4\app\Models\PortoModel.php(12): CodeIgniter\Database\BaseBuilder->get()
#3 C:\laragon\www\cds4\app\Controllers\Home.php(14): App\Models\PortoModel->getEdu()
#4 C:\laragon\www\cds4\system\CodeIgniter.php(832): App\Controllers\Home->index()
#5 C:\laragon\www\cds4\system\CodeIgniter.php(419): CodeIgniter\CodeIgniter->runController(Object(App\Controllers\Home))
#6 C:\laragon\www\cds4\system\CodeIgniter.php(326): CodeIgniter\CodeIgniter->handleRequest(NULL, Object(Config\Cache), false)
#7 C:\laragon\www\cds4\public\index.php(37): CodeIgniter\CodeIgniter->run()
#8 C:\laragon\www\cds4\system\Commands\Server\rewrite.php(43): require_once('C:\\laragon\\www\\...')
#9 {main}
ERROR - 2022-04-03 09:29:32 --> Error connecting to the database: Access denied for user ''@'localhost' (using password: NO)
CRITICAL - 2022-04-03 09:29:32 --> Unable to connect to the database.
Main connection [MySQLi]: Access denied for user ''@'localhost' (using password: NO)
#0 C:\laragon\www\cds4\system\Database\BaseConnection.php(577): CodeIgniter\Database\BaseConnection->initialize()
#1 C:\laragon\www\cds4\system\Database\BaseBuilder.php(1455): CodeIgniter\Database\BaseConnection->query('SELECT *\nFROM `...', Array, false)
#2 C:\laragon\www\cds4\app\Models\PortoModel.php(12): CodeIgniter\Database\BaseBuilder->get()
#3 C:\laragon\www\cds4\app\Controllers\Home.php(14): App\Models\PortoModel->getEdu()
#4 C:\laragon\www\cds4\system\CodeIgniter.php(832): App\Controllers\Home->index()
#5 C:\laragon\www\cds4\system\CodeIgniter.php(419): CodeIgniter\CodeIgniter->runController(Object(App\Controllers\Home))
#6 C:\laragon\www\cds4\system\CodeIgniter.php(326): CodeIgniter\CodeIgniter->handleRequest(NULL, Object(Config\Cache), false)
#7 C:\laragon\www\cds4\public\index.php(37): CodeIgniter\CodeIgniter->run()
#8 C:\laragon\www\cds4\system\Commands\Server\rewrite.php(43): require_once('C:\\laragon\\www\\...')
#9 {main}
ERROR - 2022-04-03 09:29:34 --> Error connecting to the database: Access denied for user ''@'localhost' (using password: NO)
CRITICAL - 2022-04-03 09:29:34 --> Unable to connect to the database.
Main connection [MySQLi]: Access denied for user ''@'localhost' (using password: NO)
#0 C:\laragon\www\cds4\system\Database\BaseConnection.php(577): CodeIgniter\Database\BaseConnection->initialize()
#1 C:\laragon\www\cds4\system\Database\BaseBuilder.php(1455): CodeIgniter\Database\BaseConnection->query('SELECT *\nFROM `...', Array, false)
#2 C:\laragon\www\cds4\app\Models\PortoModel.php(12): CodeIgniter\Database\BaseBuilder->get()
#3 C:\laragon\www\cds4\app\Controllers\Home.php(14): App\Models\PortoModel->getEdu()
#4 C:\laragon\www\cds4\system\CodeIgniter.php(832): App\Controllers\Home->index()
#5 C:\laragon\www\cds4\system\CodeIgniter.php(419): CodeIgniter\CodeIgniter->runController(Object(App\Controllers\Home))
#6 C:\laragon\www\cds4\system\CodeIgniter.php(326): CodeIgniter\CodeIgniter->handleRequest(NULL, Object(Config\Cache), false)
#7 C:\laragon\www\cds4\public\index.php(37): CodeIgniter\CodeIgniter->run()
#8 C:\laragon\www\cds4\system\Commands\Server\rewrite.php(43): require_once('C:\\laragon\\www\\...')
#9 {main}
ERROR - 2022-04-03 09:32:38 --> Error connecting to the database: Access denied for user ''@'localhost' (using password: NO)
CRITICAL - 2022-04-03 09:32:38 --> Unable to connect to the database.
Main connection [MySQLi]: Access denied for user ''@'localhost' (using password: NO)
#0 C:\laragon\www\cds4\system\Database\BaseConnection.php(577): CodeIgniter\Database\BaseConnection->initialize()
#1 C:\laragon\www\cds4\system\Database\BaseBuilder.php(1455): CodeIgniter\Database\BaseConnection->query('SELECT *\nFROM `...', Array, false)
#2 C:\laragon\www\cds4\app\Models\PortoModel.php(12): CodeIgniter\Database\BaseBuilder->get()
#3 C:\laragon\www\cds4\app\Controllers\Home.php(14): App\Models\PortoModel->getEdu()
#4 C:\laragon\www\cds4\system\CodeIgniter.php(832): App\Controllers\Home->index()
#5 C:\laragon\www\cds4\system\CodeIgniter.php(419): CodeIgniter\CodeIgniter->runController(Object(App\Controllers\Home))
#6 C:\laragon\www\cds4\system\CodeIgniter.php(326): CodeIgniter\CodeIgniter->handleRequest(NULL, Object(Config\Cache), false)
#7 C:\laragon\www\cds4\public\index.php(37): CodeIgniter\CodeIgniter->run()
#8 C:\laragon\www\cds4\system\Commands\Server\rewrite.php(43): require_once('C:\\laragon\\www\\...')
#9 {main}
ERROR - 2022-04-03 09:33:54 --> Error connecting to the database: Access denied for user ''@'localhost' (using password: NO)
CRITICAL - 2022-04-03 09:33:54 --> Unable to connect to the database.
Main connection [MySQLi]: Access denied for user ''@'localhost' (using password: NO)
#0 C:\laragon\www\cds4\system\Database\BaseConnection.php(577): CodeIgniter\Database\BaseConnection->initialize()
#1 C:\laragon\www\cds4\system\Database\BaseBuilder.php(1455): CodeIgniter\Database\BaseConnection->query('SELECT *\nFROM `...', Array, false)
#2 C:\laragon\www\cds4\app\Models\PortoModel.php(12): CodeIgniter\Database\BaseBuilder->get()
#3 C:\laragon\www\cds4\app\Controllers\Home.php(14): App\Models\PortoModel->getEdu()
#4 C:\laragon\www\cds4\system\CodeIgniter.php(832): App\Controllers\Home->index()
#5 C:\laragon\www\cds4\system\CodeIgniter.php(419): CodeIgniter\CodeIgniter->runController(Object(App\Controllers\Home))
#6 C:\laragon\www\cds4\system\CodeIgniter.php(326): CodeIgniter\CodeIgniter->handleRequest(NULL, Object(Config\Cache), false)
#7 C:\laragon\www\cds4\public\index.php(37): CodeIgniter\CodeIgniter->run()
#8 C:\laragon\www\cds4\system\Commands\Server\rewrite.php(43): require_once('C:\\laragon\\www\\...')
#9 {main}
ERROR - 2022-04-03 09:33:57 --> Error connecting to the database: Access denied for user ''@'localhost' (using password: NO)
CRITICAL - 2022-04-03 09:33:57 --> Unable to connect to the database.
Main connection [MySQLi]: Access denied for user ''@'localhost' (using password: NO)
#0 C:\laragon\www\cds4\system\Database\BaseConnection.php(577): CodeIgniter\Database\BaseConnection->initialize()
#1 C:\laragon\www\cds4\system\Database\BaseBuilder.php(1455): CodeIgniter\Database\BaseConnection->query('SELECT *\nFROM `...', Array, false)
#2 C:\laragon\www\cds4\app\Models\PortoModel.php(12): CodeIgniter\Database\BaseBuilder->get()
#3 C:\laragon\www\cds4\app\Controllers\Home.php(14): App\Models\PortoModel->getEdu()
#4 C:\laragon\www\cds4\system\CodeIgniter.php(832): App\Controllers\Home->index()
#5 C:\laragon\www\cds4\system\CodeIgniter.php(419): CodeIgniter\CodeIgniter->runController(Object(App\Controllers\Home))
#6 C:\laragon\www\cds4\system\CodeIgniter.php(326): CodeIgniter\CodeIgniter->handleRequest(NULL, Object(Config\Cache), false)
#7 C:\laragon\www\cds4\public\index.php(37): CodeIgniter\CodeIgniter->run()
#8 C:\laragon\www\cds4\system\Commands\Server\rewrite.php(43): require_once('C:\\laragon\\www\\...')
#9 {main}
ERROR - 2022-04-03 09:44:40 --> Error connecting to the database: Access denied for user ''@'localhost' (using password: NO)
CRITICAL - 2022-04-03 09:44:40 --> Unable to connect to the database.
Main connection [MySQLi]: Access denied for user ''@'localhost' (using password: NO)
#0 C:\laragon\www\cds4\system\Database\BaseConnection.php(577): CodeIgniter\Database\BaseConnection->initialize()
#1 C:\laragon\www\cds4\system\Database\BaseBuilder.php(1455): CodeIgniter\Database\BaseConnection->query('SELECT *\nFROM `...', Array, false)
#2 C:\laragon\www\cds4\app\Models\PortoModel.php(12): CodeIgniter\Database\BaseBuilder->get()
#3 C:\laragon\www\cds4\app\Controllers\Home.php(14): App\Models\PortoModel->getEdu()
#4 C:\laragon\www\cds4\system\CodeIgniter.php(832): App\Controllers\Home->index()
#5 C:\laragon\www\cds4\system\CodeIgniter.php(419): CodeIgniter\CodeIgniter->runController(Object(App\Controllers\Home))
#6 C:\laragon\www\cds4\system\CodeIgniter.php(326): CodeIgniter\CodeIgniter->handleRequest(NULL, Object(Config\Cache), false)
#7 C:\laragon\www\cds4\public\index.php(37): CodeIgniter\CodeIgniter->run()
#8 C:\laragon\www\cds4\system\Commands\Server\rewrite.php(43): require_once('C:\\laragon\\www\\...')
#9 {main}
ERROR - 2022-04-03 09:44:43 --> Error connecting to the database: Access denied for user ''@'localhost' (using password: NO)
CRITICAL - 2022-04-03 09:44:43 --> Unable to connect to the database.
Main connection [MySQLi]: Access denied for user ''@'localhost' (using password: NO)
#0 C:\laragon\www\cds4\system\Database\BaseConnection.php(577): CodeIgniter\Database\BaseConnection->initialize()
#1 C:\laragon\www\cds4\system\Database\BaseBuilder.php(1455): CodeIgniter\Database\BaseConnection->query('SELECT *\nFROM `...', Array, false)
#2 C:\laragon\www\cds4\app\Models\PortoModel.php(12): CodeIgniter\Database\BaseBuilder->get()
#3 C:\laragon\www\cds4\app\Controllers\Home.php(14): App\Models\PortoModel->getEdu()
#4 C:\laragon\www\cds4\system\CodeIgniter.php(832): App\Controllers\Home->index()
#5 C:\laragon\www\cds4\system\CodeIgniter.php(419): CodeIgniter\CodeIgniter->runController(Object(App\Controllers\Home))
#6 C:\laragon\www\cds4\system\CodeIgniter.php(326): CodeIgniter\CodeIgniter->handleRequest(NULL, Object(Config\Cache), false)
#7 C:\laragon\www\cds4\public\index.php(37): CodeIgniter\CodeIgniter->run()
#8 C:\laragon\www\cds4\system\Commands\Server\rewrite.php(43): require_once('C:\\laragon\\www\\...')
#9 {main}
ERROR - 2022-04-03 09:44:44 --> Error connecting to the database: Access denied for user ''@'localhost' (using password: NO)
CRITICAL - 2022-04-03 09:44:44 --> Unable to connect to the database.
Main connection [MySQLi]: Access denied for user ''@'localhost' (using password: NO)
#0 C:\laragon\www\cds4\system\Database\BaseConnection.php(577): CodeIgniter\Database\BaseConnection->initialize()
#1 C:\laragon\www\cds4\system\Database\BaseBuilder.php(1455): CodeIgniter\Database\BaseConnection->query('SELECT *\nFROM `...', Array, false)
#2 C:\laragon\www\cds4\app\Models\PortoModel.php(12): CodeIgniter\Database\BaseBuilder->get()
#3 C:\laragon\www\cds4\app\Controllers\Home.php(14): App\Models\PortoModel->getEdu()
#4 C:\laragon\www\cds4\system\CodeIgniter.php(832): App\Controllers\Home->index()
#5 C:\laragon\www\cds4\system\CodeIgniter.php(419): CodeIgniter\CodeIgniter->runController(Object(App\Controllers\Home))
#6 C:\laragon\www\cds4\system\CodeIgniter.php(326): CodeIgniter\CodeIgniter->handleRequest(NULL, Object(Config\Cache), false)
#7 C:\laragon\www\cds4\public\index.php(37): CodeIgniter\CodeIgniter->run()
#8 C:\laragon\www\cds4\system\Commands\Server\rewrite.php(43): require_once('C:\\laragon\\www\\...')
#9 {main}
ERROR - 2022-04-03 09:44:46 --> Error connecting to the database: Access denied for user ''@'localhost' (using password: NO)
CRITICAL - 2022-04-03 09:44:46 --> Unable to connect to the database.
Main connection [MySQLi]: Access denied for user ''@'localhost' (using password: NO)
#0 C:\laragon\www\cds4\system\Database\BaseConnection.php(577): CodeIgniter\Database\BaseConnection->initialize()
#1 C:\laragon\www\cds4\system\Database\BaseBuilder.php(1455): CodeIgniter\Database\BaseConnection->query('SELECT *\nFROM `...', Array, false)
#2 C:\laragon\www\cds4\app\Models\PortoModel.php(12): CodeIgniter\Database\BaseBuilder->get()
#3 C:\laragon\www\cds4\app\Controllers\Home.php(14): App\Models\PortoModel->getEdu()
#4 C:\laragon\www\cds4\system\CodeIgniter.php(832): App\Controllers\Home->index()
#5 C:\laragon\www\cds4\system\CodeIgniter.php(419): CodeIgniter\CodeIgniter->runController(Object(App\Controllers\Home))
#6 C:\laragon\www\cds4\system\CodeIgniter.php(326): CodeIgniter\CodeIgniter->handleRequest(NULL, Object(Config\Cache), false)
#7 C:\laragon\www\cds4\public\index.php(37): CodeIgniter\CodeIgniter->run()
#8 C:\laragon\www\cds4\system\Commands\Server\rewrite.php(43): require_once('C:\\laragon\\www\\...')
#9 {main}
ERROR - 2022-04-03 09:44:46 --> Error connecting to the database: Access denied for user ''@'localhost' (using password: NO)
CRITICAL - 2022-04-03 09:44:46 --> Unable to connect to the database.
Main connection [MySQLi]: Access denied for user ''@'localhost' (using password: NO)
#0 C:\laragon\www\cds4\system\Database\BaseConnection.php(577): CodeIgniter\Database\BaseConnection->initialize()
#1 C:\laragon\www\cds4\system\Database\BaseBuilder.php(1455): CodeIgniter\Database\BaseConnection->query('SELECT *\nFROM `...', Array, false)
#2 C:\laragon\www\cds4\app\Models\PortoModel.php(12): CodeIgniter\Database\BaseBuilder->get()
#3 C:\laragon\www\cds4\app\Controllers\Home.php(14): App\Models\PortoModel->getEdu()
#4 C:\laragon\www\cds4\system\CodeIgniter.php(832): App\Controllers\Home->index()
#5 C:\laragon\www\cds4\system\CodeIgniter.php(419): CodeIgniter\CodeIgniter->runController(Object(App\Controllers\Home))
#6 C:\laragon\www\cds4\system\CodeIgniter.php(326): CodeIgniter\CodeIgniter->handleRequest(NULL, Object(Config\Cache), false)
#7 C:\laragon\www\cds4\public\index.php(37): CodeIgniter\CodeIgniter->run()
#8 C:\laragon\www\cds4\system\Commands\Server\rewrite.php(43): require_once('C:\\laragon\\www\\...')
#9 {main}
ERROR - 2022-04-03 09:44:46 --> Error connecting to the database: Access denied for user ''@'localhost' (using password: NO)
CRITICAL - 2022-04-03 09:44:46 --> Unable to connect to the database.
Main connection [MySQLi]: Access denied for user ''@'localhost' (using password: NO)
#0 C:\laragon\www\cds4\system\Database\BaseConnection.php(577): CodeIgniter\Database\BaseConnection->initialize()
#1 C:\laragon\www\cds4\system\Database\BaseBuilder.php(1455): CodeIgniter\Database\BaseConnection->query('SELECT *\nFROM `...', Array, false)
#2 C:\laragon\www\cds4\app\Models\PortoModel.php(12): CodeIgniter\Database\BaseBuilder->get()
#3 C:\laragon\www\cds4\app\Controllers\Home.php(14): App\Models\PortoModel->getEdu()
#4 C:\laragon\www\cds4\system\CodeIgniter.php(832): App\Controllers\Home->index()
#5 C:\laragon\www\cds4\system\CodeIgniter.php(419): CodeIgniter\CodeIgniter->runController(Object(App\Controllers\Home))
#6 C:\laragon\www\cds4\system\CodeIgniter.php(326): CodeIgniter\CodeIgniter->handleRequest(NULL, Object(Config\Cache), false)
#7 C:\laragon\www\cds4\public\index.php(37): CodeIgniter\CodeIgniter->run()
#8 C:\laragon\www\cds4\system\Commands\Server\rewrite.php(43): require_once('C:\\laragon\\www\\...')
#9 {main}
CRITICAL - 2022-04-03 09:46:32 --> Call to undefined method App\Models\PortoModel::getEdu
#0 C:\laragon\www\cds4\app\Controllers\Home.php(14): CodeIgniter\Model->__call('getEdu', Array)
#1 C:\laragon\www\cds4\system\CodeIgniter.php(832): App\Controllers\Home->index()
#2 C:\laragon\www\cds4\system\CodeIgniter.php(419): CodeIgniter\CodeIgniter->runController(Object(App\Controllers\Home))
#3 C:\laragon\www\cds4\system\CodeIgniter.php(326): CodeIgniter\CodeIgniter->handleRequest(NULL, Object(Config\Cache), false)
#4 C:\laragon\www\cds4\public\index.php(37): CodeIgniter\CodeIgniter->run()
#5 C:\laragon\www\cds4\system\Commands\Server\rewrite.php(43): require_once('C:\\laragon\\www\\...')
#6 {main}
CRITICAL - 2022-04-03 09:46:57 --> Call to undefined method App\Models\PortoModel::getEdu
#0 C:\laragon\www\cds4\app\Controllers\Home.php(14): CodeIgniter\Model->__call('getEdu', Array)
#1 C:\laragon\www\cds4\system\CodeIgniter.php(832): App\Controllers\Home->index()
#2 C:\laragon\www\cds4\system\CodeIgniter.php(419): CodeIgniter\CodeIgniter->runController(Object(App\Controllers\Home))
#3 C:\laragon\www\cds4\system\CodeIgniter.php(326): CodeIgniter\CodeIgniter->handleRequest(NULL, Object(Config\Cache), false)
#4 C:\laragon\www\cds4\public\index.php(37): CodeIgniter\CodeIgniter->run()
#5 C:\laragon\www\cds4\system\Commands\Server\rewrite.php(43): require_once('C:\\laragon\\www\\...')
#6 {main}
ERROR - 2022-04-03 09:47:55 --> Error connecting to the database: Access denied for user ''@'localhost' (using password: NO)
CRITICAL - 2022-04-03 09:47:55 --> Unable to connect to the database.
Main connection [MySQLi]: Access denied for user ''@'localhost' (using password: NO)
#0 C:\laragon\www\cds4\system\Database\BaseConnection.php(577): CodeIgniter\Database\BaseConnection->initialize()
#1 C:\laragon\www\cds4\system\Database\BaseBuilder.php(1455): CodeIgniter\Database\BaseConnection->query('SELECT *\nFROM `...', Array, false)
#2 C:\laragon\www\cds4\system\Model.php(183): CodeIgniter\Database\BaseBuilder->get()
#3 C:\laragon\www\cds4\system\BaseModel.php(584): CodeIgniter\Model->doFindAll(0, 0)
#4 C:\laragon\www\cds4\app\Controllers\Home.php(17): CodeIgniter\BaseModel->findAll()
#5 C:\laragon\www\cds4\system\CodeIgniter.php(832): App\Controllers\Home->index()
#6 C:\laragon\www\cds4\system\CodeIgniter.php(419): CodeIgniter\CodeIgniter->runController(Object(App\Controllers\Home))
#7 C:\laragon\www\cds4\system\CodeIgniter.php(326): CodeIgniter\CodeIgniter->handleRequest(NULL, Object(Config\Cache), false)
#8 C:\laragon\www\cds4\public\index.php(37): CodeIgniter\CodeIgniter->run()
#9 C:\laragon\www\cds4\system\Commands\Server\rewrite.php(43): require_once('C:\\laragon\\www\\...')
#10 {main}
ERROR - 2022-04-03 09:47:58 --> Error connecting to the database: Access denied for user ''@'localhost' (using password: NO)
CRITICAL - 2022-04-03 09:47:58 --> Unable to connect to the database.
Main connection [MySQLi]: Access denied for user ''@'localhost' (using password: NO)
#0 C:\laragon\www\cds4\system\Database\BaseConnection.php(577): CodeIgniter\Database\BaseConnection->initialize()
#1 C:\laragon\www\cds4\system\Database\BaseBuilder.php(1455): CodeIgniter\Database\BaseConnection->query('SELECT *\nFROM `...', Array, false)
#2 C:\laragon\www\cds4\system\Model.php(183): CodeIgniter\Database\BaseBuilder->get()
#3 C:\laragon\www\cds4\system\BaseModel.php(584): CodeIgniter\Model->doFindAll(0, 0)
#4 C:\laragon\www\cds4\app\Controllers\Home.php(17): CodeIgniter\BaseModel->findAll()
#5 C:\laragon\www\cds4\system\CodeIgniter.php(832): App\Controllers\Home->index()
#6 C:\laragon\www\cds4\system\CodeIgniter.php(419): CodeIgniter\CodeIgniter->runController(Object(App\Controllers\Home))
#7 C:\laragon\www\cds4\system\CodeIgniter.php(326): CodeIgniter\CodeIgniter->handleRequest(NULL, Object(Config\Cache), false)
#8 C:\laragon\www\cds4\public\index.php(37): CodeIgniter\CodeIgniter->run()
#9 C:\laragon\www\cds4\system\Commands\Server\rewrite.php(43): require_once('C:\\laragon\\www\\...')
#10 {main}
ERROR - 2022-04-03 09:47:59 --> Error connecting to the database: Access denied for user ''@'localhost' (using password: NO)
CRITICAL - 2022-04-03 09:47:59 --> Unable to connect to the database.
Main connection [MySQLi]: Access denied for user ''@'localhost' (using password: NO)
#0 C:\laragon\www\cds4\system\Database\BaseConnection.php(577): CodeIgniter\Database\BaseConnection->initialize()
#1 C:\laragon\www\cds4\system\Database\BaseBuilder.php(1455): CodeIgniter\Database\BaseConnection->query('SELECT *\nFROM `...', Array, false)
#2 C:\laragon\www\cds4\system\Model.php(183): CodeIgniter\Database\BaseBuilder->get()
#3 C:\laragon\www\cds4\system\BaseModel.php(584): CodeIgniter\Model->doFindAll(0, 0)
#4 C:\laragon\www\cds4\app\Controllers\Home.php(17): CodeIgniter\BaseModel->findAll()
#5 C:\laragon\www\cds4\system\CodeIgniter.php(832): App\Controllers\Home->index()
#6 C:\laragon\www\cds4\system\CodeIgniter.php(419): CodeIgniter\CodeIgniter->runController(Object(App\Controllers\Home))
#7 C:\laragon\www\cds4\system\CodeIgniter.php(326): CodeIgniter\CodeIgniter->handleRequest(NULL, Object(Config\Cache), false)
#8 C:\laragon\www\cds4\public\index.php(37): CodeIgniter\CodeIgniter->run()
#9 C:\laragon\www\cds4\system\Commands\Server\rewrite.php(43): require_once('C:\\laragon\\www\\...')
#10 {main}
ERROR - 2022-04-03 09:47:59 --> Error connecting to the database: Access denied for user ''@'localhost' (using password: NO)
CRITICAL - 2022-04-03 09:47:59 --> Unable to connect to the database.
Main connection [MySQLi]: Access denied for user ''@'localhost' (using password: NO)
#0 C:\laragon\www\cds4\system\Database\BaseConnection.php(577): CodeIgniter\Database\BaseConnection->initialize()
#1 C:\laragon\www\cds4\system\Database\BaseBuilder.php(1455): CodeIgniter\Database\BaseConnection->query('SELECT *\nFROM `...', Array, false)
#2 C:\laragon\www\cds4\system\Model.php(183): CodeIgniter\Database\BaseBuilder->get()
#3 C:\laragon\www\cds4\system\BaseModel.php(584): CodeIgniter\Model->doFindAll(0, 0)
#4 C:\laragon\www\cds4\app\Controllers\Home.php(17): CodeIgniter\BaseModel->findAll()
#5 C:\laragon\www\cds4\system\CodeIgniter.php(832): App\Controllers\Home->index()
#6 C:\laragon\www\cds4\system\CodeIgniter.php(419): CodeIgniter\CodeIgniter->runController(Object(App\Controllers\Home))
#7 C:\laragon\www\cds4\system\CodeIgniter.php(326): CodeIgniter\CodeIgniter->handleRequest(NULL, Object(Config\Cache), false)
#8 C:\laragon\www\cds4\public\index.php(37): CodeIgniter\CodeIgniter->run()
#9 C:\laragon\www\cds4\system\Commands\Server\rewrite.php(43): require_once('C:\\laragon\\www\\...')
#10 {main}
ERROR - 2022-04-03 09:47:59 --> Error connecting to the database: Access denied for user ''@'localhost' (using password: NO)
CRITICAL - 2022-04-03 09:47:59 --> Unable to connect to the database.
Main connection [MySQLi]: Access denied for user ''@'localhost' (using password: NO)
#0 C:\laragon\www\cds4\system\Database\BaseConnection.php(577): CodeIgniter\Database\BaseConnection->initialize()
#1 C:\laragon\www\cds4\system\Database\BaseBuilder.php(1455): CodeIgniter\Database\BaseConnection->query('SELECT *\nFROM `...', Array, false)
#2 C:\laragon\www\cds4\system\Model.php(183): CodeIgniter\Database\BaseBuilder->get()
#3 C:\laragon\www\cds4\system\BaseModel.php(584): CodeIgniter\Model->doFindAll(0, 0)
#4 C:\laragon\www\cds4\app\Controllers\Home.php(17): CodeIgniter\BaseModel->findAll()
#5 C:\laragon\www\cds4\system\CodeIgniter.php(832): App\Controllers\Home->index()
#6 C:\laragon\www\cds4\system\CodeIgniter.php(419): CodeIgniter\CodeIgniter->runController(Object(App\Controllers\Home))
#7 C:\laragon\www\cds4\system\CodeIgniter.php(326): CodeIgniter\CodeIgniter->handleRequest(NULL, Object(Config\Cache), false)
#8 C:\laragon\www\cds4\public\index.php(37): CodeIgniter\CodeIgniter->run()
#9 C:\laragon\www\cds4\system\Commands\Server\rewrite.php(43): require_once('C:\\laragon\\www\\...')
#10 {main}
ERROR - 2022-04-03 09:47:59 --> Error connecting to the database: Access denied for user ''@'localhost' (using password: NO)
CRITICAL - 2022-04-03 09:47:59 --> Unable to connect to the database.
Main connection [MySQLi]: Access denied for user ''@'localhost' (using password: NO)
#0 C:\laragon\www\cds4\system\Database\BaseConnection.php(577): CodeIgniter\Database\BaseConnection->initialize()
#1 C:\laragon\www\cds4\system\Database\BaseBuilder.php(1455): CodeIgniter\Database\BaseConnection->query('SELECT *\nFROM `...', Array, false)
#2 C:\laragon\www\cds4\system\Model.php(183): CodeIgniter\Database\BaseBuilder->get()
#3 C:\laragon\www\cds4\system\BaseModel.php(584): CodeIgniter\Model->doFindAll(0, 0)
#4 C:\laragon\www\cds4\app\Controllers\Home.php(17): CodeIgniter\BaseModel->findAll()
#5 C:\laragon\www\cds4\system\CodeIgniter.php(832): App\Controllers\Home->index()
#6 C:\laragon\www\cds4\system\CodeIgniter.php(419): CodeIgniter\CodeIgniter->runController(Object(App\Controllers\Home))
#7 C:\laragon\www\cds4\system\CodeIgniter.php(326): CodeIgniter\CodeIgniter->handleRequest(NULL, Object(Config\Cache), false)
#8 C:\laragon\www\cds4\public\index.php(37): CodeIgniter\CodeIgniter->run()
#9 C:\laragon\www\cds4\system\Commands\Server\rewrite.php(43): require_once('C:\\laragon\\www\\...')
#10 {main}
ERROR - 2022-04-03 09:47:59 --> Error connecting to the database: Access denied for user ''@'localhost' (using password: NO)
CRITICAL - 2022-04-03 09:47:59 --> Unable to connect to the database.
Main connection [MySQLi]: Access denied for user ''@'localhost' (using password: NO)
#0 C:\laragon\www\cds4\system\Database\BaseConnection.php(577): CodeIgniter\Database\BaseConnection->initialize()
#1 C:\laragon\www\cds4\system\Database\BaseBuilder.php(1455): CodeIgniter\Database\BaseConnection->query('SELECT *\nFROM `...', Array, false)
#2 C:\laragon\www\cds4\system\Model.php(183): CodeIgniter\Database\BaseBuilder->get()
#3 C:\laragon\www\cds4\system\BaseModel.php(584): CodeIgniter\Model->doFindAll(0, 0)
#4 C:\laragon\www\cds4\app\Controllers\Home.php(17): CodeIgniter\BaseModel->findAll()
#5 C:\laragon\www\cds4\system\CodeIgniter.php(832): App\Controllers\Home->index()
#6 C:\laragon\www\cds4\system\CodeIgniter.php(419): CodeIgniter\CodeIgniter->runController(Object(App\Controllers\Home))
#7 C:\laragon\www\cds4\system\CodeIgniter.php(326): CodeIgniter\CodeIgniter->handleRequest(NULL, Object(Config\Cache), false)
#8 C:\laragon\www\cds4\public\index.php(37): CodeIgniter\CodeIgniter->run()
#9 C:\laragon\www\cds4\system\Commands\Server\rewrite.php(43): require_once('C:\\laragon\\www\\...')
#10 {main}
ERROR - 2022-04-03 09:47:59 --> Error connecting to the database: Access denied for user ''@'localhost' (using password: NO)
CRITICAL - 2022-04-03 09:47:59 --> Unable to connect to the database.
Main connection [MySQLi]: Access denied for user ''@'localhost' (using password: NO)
#0 C:\laragon\www\cds4\system\Database\BaseConnection.php(577): CodeIgniter\Database\BaseConnection->initialize()
#1 C:\laragon\www\cds4\system\Database\BaseBuilder.php(1455): CodeIgniter\Database\BaseConnection->query('SELECT *\nFROM `...', Array, false)
#2 C:\laragon\www\cds4\system\Model.php(183): CodeIgniter\Database\BaseBuilder->get()
#3 C:\laragon\www\cds4\system\BaseModel.php(584): CodeIgniter\Model->doFindAll(0, 0)
#4 C:\laragon\www\cds4\app\Controllers\Home.php(17): CodeIgniter\BaseModel->findAll()
#5 C:\laragon\www\cds4\system\CodeIgniter.php(832): App\Controllers\Home->index()
#6 C:\laragon\www\cds4\system\CodeIgniter.php(419): CodeIgniter\CodeIgniter->runController(Object(App\Controllers\Home))
#7 C:\laragon\www\cds4\system\CodeIgniter.php(326): CodeIgniter\CodeIgniter->handleRequest(NULL, Object(Config\Cache), false)
#8 C:\laragon\www\cds4\public\index.php(37): CodeIgniter\CodeIgniter->run()
#9 C:\laragon\www\cds4\system\Commands\Server\rewrite.php(43): require_once('C:\\laragon\\www\\...')
#10 {main}
ERROR - 2022-04-03 09:48:00 --> Error connecting to the database: Access denied for user ''@'localhost' (using password: NO)
CRITICAL - 2022-04-03 09:48:00 --> Unable to connect to the database.
Main connection [MySQLi]: Access denied for user ''@'localhost' (using password: NO)
#0 C:\laragon\www\cds4\system\Database\BaseConnection.php(577): CodeIgniter\Database\BaseConnection->initialize()
#1 C:\laragon\www\cds4\system\Database\BaseBuilder.php(1455): CodeIgniter\Database\BaseConnection->query('SELECT *\nFROM `...', Array, false)
#2 C:\laragon\www\cds4\system\Model.php(183): CodeIgniter\Database\BaseBuilder->get()
#3 C:\laragon\www\cds4\system\BaseModel.php(584): CodeIgniter\Model->doFindAll(0, 0)
#4 C:\laragon\www\cds4\app\Controllers\Home.php(17): CodeIgniter\BaseModel->findAll()
#5 C:\laragon\www\cds4\system\CodeIgniter.php(832): App\Controllers\Home->index()
#6 C:\laragon\www\cds4\system\CodeIgniter.php(419): CodeIgniter\CodeIgniter->runController(Object(App\Controllers\Home))
#7 C:\laragon\www\cds4\system\CodeIgniter.php(326): CodeIgniter\CodeIgniter->handleRequest(NULL, Object(Config\Cache), false)
#8 C:\laragon\www\cds4\public\index.php(37): CodeIgniter\CodeIgniter->run()
#9 C:\laragon\www\cds4\system\Commands\Server\rewrite.php(43): require_once('C:\\laragon\\www\\...')
#10 {main}
ERROR - 2022-04-03 09:48:01 --> Error connecting to the database: Access denied for user ''@'localhost' (using password: NO)
CRITICAL - 2022-04-03 09:48:01 --> Unable to connect to the database.
Main connection [MySQLi]: Access denied for user ''@'localhost' (using password: NO)
#0 C:\laragon\www\cds4\system\Database\BaseConnection.php(577): CodeIgniter\Database\BaseConnection->initialize()
#1 C:\laragon\www\cds4\system\Database\BaseBuilder.php(1455): CodeIgniter\Database\BaseConnection->query('SELECT *\nFROM `...', Array, false)
#2 C:\laragon\www\cds4\system\Model.php(183): CodeIgniter\Database\BaseBuilder->get()
#3 C:\laragon\www\cds4\system\BaseModel.php(584): CodeIgniter\Model->doFindAll(0, 0)
#4 C:\laragon\www\cds4\app\Controllers\Home.php(17): CodeIgniter\BaseModel->findAll()
#5 C:\laragon\www\cds4\system\CodeIgniter.php(832): App\Controllers\Home->index()
#6 C:\laragon\www\cds4\system\CodeIgniter.php(419): CodeIgniter\CodeIgniter->runController(Object(App\Controllers\Home))
#7 C:\laragon\www\cds4\system\CodeIgniter.php(326): CodeIgniter\CodeIgniter->handleRequest(NULL, Object(Config\Cache), false)
#8 C:\laragon\www\cds4\public\index.php(37): CodeIgniter\CodeIgniter->run()
#9 C:\laragon\www\cds4\system\Commands\Server\rewrite.php(43): require_once('C:\\laragon\\www\\...')
#10 {main}
ERROR - 2022-04-03 09:48:01 --> Error connecting to the database: Access denied for user ''@'localhost' (using password: NO)
CRITICAL - 2022-04-03 09:48:01 --> Unable to connect to the database.
Main connection [MySQLi]: Access denied for user ''@'localhost' (using password: NO)
#0 C:\laragon\www\cds4\system\Database\BaseConnection.php(577): CodeIgniter\Database\BaseConnection->initialize()
#1 C:\laragon\www\cds4\system\Database\BaseBuilder.php(1455): CodeIgniter\Database\BaseConnection->query('SELECT *\nFROM `...', Array, false)
#2 C:\laragon\www\cds4\system\Model.php(183): CodeIgniter\Database\BaseBuilder->get()
#3 C:\laragon\www\cds4\system\BaseModel.php(584): CodeIgniter\Model->doFindAll(0, 0)
#4 C:\laragon\www\cds4\app\Controllers\Home.php(17): CodeIgniter\BaseModel->findAll()
#5 C:\laragon\www\cds4\system\CodeIgniter.php(832): App\Controllers\Home->index()
#6 C:\laragon\www\cds4\system\CodeIgniter.php(419): CodeIgniter\CodeIgniter->runController(Object(App\Controllers\Home))
#7 C:\laragon\www\cds4\system\CodeIgniter.php(326): CodeIgniter\CodeIgniter->handleRequest(NULL, Object(Config\Cache), false)
#8 C:\laragon\www\cds4\public\index.php(37): CodeIgniter\CodeIgniter->run()
#9 C:\laragon\www\cds4\system\Commands\Server\rewrite.php(43): require_once('C:\\laragon\\www\\...')
#10 {main}
ERROR - 2022-04-03 09:48:01 --> Error connecting to the database: Access denied for user ''@'localhost' (using password: NO)
CRITICAL - 2022-04-03 09:48:01 --> Unable to connect to the database.
Main connection [MySQLi]: Access denied for user ''@'localhost' (using password: NO)
#0 C:\laragon\www\cds4\system\Database\BaseConnection.php(577): CodeIgniter\Database\BaseConnection->initialize()
#1 C:\laragon\www\cds4\system\Database\BaseBuilder.php(1455): CodeIgniter\Database\BaseConnection->query('SELECT *\nFROM `...', Array, false)
#2 C:\laragon\www\cds4\system\Model.php(183): CodeIgniter\Database\BaseBuilder->get()
#3 C:\laragon\www\cds4\system\BaseModel.php(584): CodeIgniter\Model->doFindAll(0, 0)
#4 C:\laragon\www\cds4\app\Controllers\Home.php(17): CodeIgniter\BaseModel->findAll()
#5 C:\laragon\www\cds4\system\CodeIgniter.php(832): App\Controllers\Home->index()
#6 C:\laragon\www\cds4\system\CodeIgniter.php(419): CodeIgniter\CodeIgniter->runController(Object(App\Controllers\Home))
#7 C:\laragon\www\cds4\system\CodeIgniter.php(326): CodeIgniter\CodeIgniter->handleRequest(NULL, Object(Config\Cache), false)
#8 C:\laragon\www\cds4\public\index.php(37): CodeIgniter\CodeIgniter->run()
#9 C:\laragon\www\cds4\system\Commands\Server\rewrite.php(43): require_once('C:\\laragon\\www\\...')
#10 {main}
ERROR - 2022-04-03 09:48:01 --> Error connecting to the database: Access denied for user ''@'localhost' (using password: NO)
CRITICAL - 2022-04-03 09:48:01 --> Unable to connect to the database.
Main connection [MySQLi]: Access denied for user ''@'localhost' (using password: NO)
#0 C:\laragon\www\cds4\system\Database\BaseConnection.php(577): CodeIgniter\Database\BaseConnection->initialize()
#1 C:\laragon\www\cds4\system\Database\BaseBuilder.php(1455): CodeIgniter\Database\BaseConnection->query('SELECT *\nFROM `...', Array, false)
#2 C:\laragon\www\cds4\system\Model.php(183): CodeIgniter\Database\BaseBuilder->get()
#3 C:\laragon\www\cds4\system\BaseModel.php(584): CodeIgniter\Model->doFindAll(0, 0)
#4 C:\laragon\www\cds4\app\Controllers\Home.php(17): CodeIgniter\BaseModel->findAll()
#5 C:\laragon\www\cds4\system\CodeIgniter.php(832): App\Controllers\Home->index()
#6 C:\laragon\www\cds4\system\CodeIgniter.php(419): CodeIgniter\CodeIgniter->runController(Object(App\Controllers\Home))
#7 C:\laragon\www\cds4\system\CodeIgniter.php(326): CodeIgniter\CodeIgniter->handleRequest(NULL, Object(Config\Cache), false)
#8 C:\laragon\www\cds4\public\index.php(37): CodeIgniter\CodeIgniter->run()
#9 C:\laragon\www\cds4\system\Commands\Server\rewrite.php(43): require_once('C:\\laragon\\www\\...')
#10 {main}
ERROR - 2022-04-03 09:48:02 --> Error connecting to the database: Access denied for user ''@'localhost' (using password: NO)
CRITICAL - 2022-04-03 09:48:02 --> Unable to connect to the database.
Main connection [MySQLi]: Access denied for user ''@'localhost' (using password: NO)
#0 C:\laragon\www\cds4\system\Database\BaseConnection.php(577): CodeIgniter\Database\BaseConnection->initialize()
#1 C:\laragon\www\cds4\system\Database\BaseBuilder.php(1455): CodeIgniter\Database\BaseConnection->query('SELECT *\nFROM `...', Array, false)
#2 C:\laragon\www\cds4\system\Model.php(183): CodeIgniter\Database\BaseBuilder->get()
#3 C:\laragon\www\cds4\system\BaseModel.php(584): CodeIgniter\Model->doFindAll(0, 0)
#4 C:\laragon\www\cds4\app\Controllers\Home.php(17): CodeIgniter\BaseModel->findAll()
#5 C:\laragon\www\cds4\system\CodeIgniter.php(832): App\Controllers\Home->index()
#6 C:\laragon\www\cds4\system\CodeIgniter.php(419): CodeIgniter\CodeIgniter->runController(Object(App\Controllers\Home))
#7 C:\laragon\www\cds4\system\CodeIgniter.php(326): CodeIgniter\CodeIgniter->handleRequest(NULL, Object(Config\Cache), false)
#8 C:\laragon\www\cds4\public\index.php(37): CodeIgniter\CodeIgniter->run()
#9 C:\laragon\www\cds4\system\Commands\Server\rewrite.php(43): require_once('C:\\laragon\\www\\...')
#10 {main}
ERROR - 2022-04-03 09:48:02 --> Error connecting to the database: Access denied for user ''@'localhost' (using password: NO)
CRITICAL - 2022-04-03 09:48:02 --> Unable to connect to the database.
Main connection [MySQLi]: Access denied for user ''@'localhost' (using password: NO)
#0 C:\laragon\www\cds4\system\Database\BaseConnection.php(577): CodeIgniter\Database\BaseConnection->initialize()
#1 C:\laragon\www\cds4\system\Database\BaseBuilder.php(1455): CodeIgniter\Database\BaseConnection->query('SELECT *\nFROM `...', Array, false)
#2 C:\laragon\www\cds4\system\Model.php(183): CodeIgniter\Database\BaseBuilder->get()
#3 C:\laragon\www\cds4\system\BaseModel.php(584): CodeIgniter\Model->doFindAll(0, 0)
#4 C:\laragon\www\cds4\app\Controllers\Home.php(17): CodeIgniter\BaseModel->findAll()
#5 C:\laragon\www\cds4\system\CodeIgniter.php(832): App\Controllers\Home->index()
#6 C:\laragon\www\cds4\system\CodeIgniter.php(419): CodeIgniter\CodeIgniter->runController(Object(App\Controllers\Home))
#7 C:\laragon\www\cds4\system\CodeIgniter.php(326): CodeIgniter\CodeIgniter->handleRequest(NULL, Object(Config\Cache), false)
#8 C:\laragon\www\cds4\public\index.php(37): CodeIgniter\CodeIgniter->run()
#9 C:\laragon\www\cds4\system\Commands\Server\rewrite.php(43): require_once('C:\\laragon\\www\\...')
#10 {main}
ERROR - 2022-04-03 09:48:02 --> Error connecting to the database: Access denied for user ''@'localhost' (using password: NO)
CRITICAL - 2022-04-03 09:48:02 --> Unable to connect to the database.
Main connection [MySQLi]: Access denied for user ''@'localhost' (using password: NO)
#0 C:\laragon\www\cds4\system\Database\BaseConnection.php(577): CodeIgniter\Database\BaseConnection->initialize()
#1 C:\laragon\www\cds4\system\Database\BaseBuilder.php(1455): CodeIgniter\Database\BaseConnection->query('SELECT *\nFROM `...', Array, false)
#2 C:\laragon\www\cds4\system\Model.php(183): CodeIgniter\Database\BaseBuilder->get()
#3 C:\laragon\www\cds4\system\BaseModel.php(584): CodeIgniter\Model->doFindAll(0, 0)
#4 C:\laragon\www\cds4\app\Controllers\Home.php(17): CodeIgniter\BaseModel->findAll()
#5 C:\laragon\www\cds4\system\CodeIgniter.php(832): App\Controllers\Home->index()
#6 C:\laragon\www\cds4\system\CodeIgniter.php(419): CodeIgniter\CodeIgniter->runController(Object(App\Controllers\Home))
#7 C:\laragon\www\cds4\system\CodeIgniter.php(326): CodeIgniter\CodeIgniter->handleRequest(NULL, Object(Config\Cache), false)
#8 C:\laragon\www\cds4\public\index.php(37): CodeIgniter\CodeIgniter->run()
#9 C:\laragon\www\cds4\system\Commands\Server\rewrite.php(43): require_once('C:\\laragon\\www\\...')
#10 {main}
ERROR - 2022-04-03 09:48:02 --> Error connecting to the database: Access denied for user ''@'localhost' (using password: NO)
CRITICAL - 2022-04-03 09:48:02 --> Unable to connect to the database.
Main connection [MySQLi]: Access denied for user ''@'localhost' (using password: NO)
#0 C:\laragon\www\cds4\system\Database\BaseConnection.php(577): CodeIgniter\Database\BaseConnection->initialize()
#1 C:\laragon\www\cds4\system\Database\BaseBuilder.php(1455): CodeIgniter\Database\BaseConnection->query('SELECT *\nFROM `...', Array, false)
#2 C:\laragon\www\cds4\system\Model.php(183): CodeIgniter\Database\BaseBuilder->get()
#3 C:\laragon\www\cds4\system\BaseModel.php(584): CodeIgniter\Model->doFindAll(0, 0)
#4 C:\laragon\www\cds4\app\Controllers\Home.php(17): CodeIgniter\BaseModel->findAll()
#5 C:\laragon\www\cds4\system\CodeIgniter.php(832): App\Controllers\Home->index()
#6 C:\laragon\www\cds4\system\CodeIgniter.php(419): CodeIgniter\CodeIgniter->runController(Object(App\Controllers\Home))
#7 C:\laragon\www\cds4\system\CodeIgniter.php(326): CodeIgniter\CodeIgniter->handleRequest(NULL, Object(Config\Cache), false)
#8 C:\laragon\www\cds4\public\index.php(37): CodeIgniter\CodeIgniter->run()
#9 C:\laragon\www\cds4\system\Commands\Server\rewrite.php(43): require_once('C:\\laragon\\www\\...')
#10 {main}
ERROR - 2022-04-03 09:48:02 --> Error connecting to the database: Access denied for user ''@'localhost' (using password: NO)
CRITICAL - 2022-04-03 09:48:02 --> Unable to connect to the database.
Main connection [MySQLi]: Access denied for user ''@'localhost' (using password: NO)
#0 C:\laragon\www\cds4\system\Database\BaseConnection.php(577): CodeIgniter\Database\BaseConnection->initialize()
#1 C:\laragon\www\cds4\system\Database\BaseBuilder.php(1455): CodeIgniter\Database\BaseConnection->query('SELECT *\nFROM `...', Array, false)
#2 C:\laragon\www\cds4\system\Model.php(183): CodeIgniter\Database\BaseBuilder->get()
#3 C:\laragon\www\cds4\system\BaseModel.php(584): CodeIgniter\Model->doFindAll(0, 0)
#4 C:\laragon\www\cds4\app\Controllers\Home.php(17): CodeIgniter\BaseModel->findAll()
#5 C:\laragon\www\cds4\system\CodeIgniter.php(832): App\Controllers\Home->index()
#6 C:\laragon\www\cds4\system\CodeIgniter.php(419): CodeIgniter\CodeIgniter->runController(Object(App\Controllers\Home))
#7 C:\laragon\www\cds4\system\CodeIgniter.php(326): CodeIgniter\CodeIgniter->handleRequest(NULL, Object(Config\Cache), false)
#8 C:\laragon\www\cds4\public\index.php(37): CodeIgniter\CodeIgniter->run()
#9 C:\laragon\www\cds4\system\Commands\Server\rewrite.php(43): require_once('C:\\laragon\\www\\...')
#10 {main}
ERROR - 2022-04-03 09:48:02 --> Error connecting to the database: Access denied for user ''@'localhost' (using password: NO)
CRITICAL - 2022-04-03 09:48:02 --> Unable to connect to the database.
Main connection [MySQLi]: Access denied for user ''@'localhost' (using password: NO)
#0 C:\laragon\www\cds4\system\Database\BaseConnection.php(577): CodeIgniter\Database\BaseConnection->initialize()
#1 C:\laragon\www\cds4\system\Database\BaseBuilder.php(1455): CodeIgniter\Database\BaseConnection->query('SELECT *\nFROM `...', Array, false)
#2 C:\laragon\www\cds4\system\Model.php(183): CodeIgniter\Database\BaseBuilder->get()
#3 C:\laragon\www\cds4\system\BaseModel.php(584): CodeIgniter\Model->doFindAll(0, 0)
#4 C:\laragon\www\cds4\app\Controllers\Home.php(17): CodeIgniter\BaseModel->findAll()
#5 C:\laragon\www\cds4\system\CodeIgniter.php(832): App\Controllers\Home->index()
#6 C:\laragon\www\cds4\system\CodeIgniter.php(419): CodeIgniter\CodeIgniter->runController(Object(App\Controllers\Home))
#7 C:\laragon\www\cds4\system\CodeIgniter.php(326): CodeIgniter\CodeIgniter->handleRequest(NULL, Object(Config\Cache), false)
#8 C:\laragon\www\cds4\public\index.php(37): CodeIgniter\CodeIgniter->run()
#9 C:\laragon\www\cds4\system\Commands\Server\rewrite.php(43): require_once('C:\\laragon\\www\\...')
#10 {main}
ERROR - 2022-04-03 09:48:03 --> Error connecting to the database: Access denied for user ''@'localhost' (using password: NO)
CRITICAL - 2022-04-03 09:48:03 --> Unable to connect to the database.
Main connection [MySQLi]: Access denied for user ''@'localhost' (using password: NO)
#0 C:\laragon\www\cds4\system\Database\BaseConnection.php(577): CodeIgniter\Database\BaseConnection->initialize()
#1 C:\laragon\www\cds4\system\Database\BaseBuilder.php(1455): CodeIgniter\Database\BaseConnection->query('SELECT *\nFROM `...', Array, false)
#2 C:\laragon\www\cds4\system\Model.php(183): CodeIgniter\Database\BaseBuilder->get()
#3 C:\laragon\www\cds4\system\BaseModel.php(584): CodeIgniter\Model->doFindAll(0, 0)
#4 C:\laragon\www\cds4\app\Controllers\Home.php(17): CodeIgniter\BaseModel->findAll()
#5 C:\laragon\www\cds4\system\CodeIgniter.php(832): App\Controllers\Home->index()
#6 C:\laragon\www\cds4\system\CodeIgniter.php(419): CodeIgniter\CodeIgniter->runController(Object(App\Controllers\Home))
#7 C:\laragon\www\cds4\system\CodeIgniter.php(326): CodeIgniter\CodeIgniter->handleRequest(NULL, Object(Config\Cache), false)
#8 C:\laragon\www\cds4\public\index.php(37): CodeIgniter\CodeIgniter->run()
#9 C:\laragon\www\cds4\system\Commands\Server\rewrite.php(43): require_once('C:\\laragon\\www\\...')
#10 {main}
ERROR - 2022-04-03 09:51:09 --> Error connecting to the database: Access denied for user ''@'localhost' (using password: NO)
CRITICAL - 2022-04-03 09:51:09 --> Unable to connect to the database.
Main connection [MySQLi]: Access denied for user ''@'localhost' (using password: NO)
#0 C:\laragon\www\cds4\system\Database\BaseConnection.php(577): CodeIgniter\Database\BaseConnection->initialize()
#1 C:\laragon\www\cds4\system\Database\BaseBuilder.php(1455): CodeIgniter\Database\BaseConnection->query('SELECT *\nFROM `...', Array, false)
#2 C:\laragon\www\cds4\system\Model.php(183): CodeIgniter\Database\BaseBuilder->get()
#3 C:\laragon\www\cds4\system\BaseModel.php(584): CodeIgniter\Model->doFindAll(0, 0)
#4 C:\laragon\www\cds4\app\Controllers\Home.php(17): CodeIgniter\BaseModel->findAll()
#5 C:\laragon\www\cds4\system\CodeIgniter.php(832): App\Controllers\Home->index()
#6 C:\laragon\www\cds4\system\CodeIgniter.php(419): CodeIgniter\CodeIgniter->runController(Object(App\Controllers\Home))
#7 C:\laragon\www\cds4\system\CodeIgniter.php(326): CodeIgniter\CodeIgniter->handleRequest(NULL, Object(Config\Cache), false)
#8 C:\laragon\www\cds4\public\index.php(37): CodeIgniter\CodeIgniter->run()
#9 C:\laragon\www\cds4\system\Commands\Server\rewrite.php(43): require_once('C:\\laragon\\www\\...')
#10 {main}
ERROR - 2022-04-03 09:51:15 --> Error connecting to the database: Access denied for user ''@'localhost' (using password: NO)
CRITICAL - 2022-04-03 09:51:15 --> Unable to connect to the database.
Main connection [MySQLi]: Access denied for user ''@'localhost' (using password: NO)
#0 C:\laragon\www\cds4\system\Database\BaseConnection.php(577): CodeIgniter\Database\BaseConnection->initialize()
#1 C:\laragon\www\cds4\system\Database\BaseBuilder.php(1455): CodeIgniter\Database\BaseConnection->query('SELECT *\nFROM `...', Array, false)
#2 C:\laragon\www\cds4\system\Model.php(183): CodeIgniter\Database\BaseBuilder->get()
#3 C:\laragon\www\cds4\system\BaseModel.php(584): CodeIgniter\Model->doFindAll(0, 0)
#4 C:\laragon\www\cds4\app\Controllers\Home.php(17): CodeIgniter\BaseModel->findAll()
#5 C:\laragon\www\cds4\system\CodeIgniter.php(832): App\Controllers\Home->index()
#6 C:\laragon\www\cds4\system\CodeIgniter.php(419): CodeIgniter\CodeIgniter->runController(Object(App\Controllers\Home))
#7 C:\laragon\www\cds4\system\CodeIgniter.php(326): CodeIgniter\CodeIgniter->handleRequest(NULL, Object(Config\Cache), false)
#8 C:\laragon\www\cds4\public\index.php(37): CodeIgniter\CodeIgniter->run()
#9 C:\laragon\www\cds4\system\Commands\Server\rewrite.php(43): require_once('C:\\laragon\\www\\...')
#10 {main}
CRITICAL - 2022-04-03 11:10:41 --> syntax error, unexpected ')'
#0 C:\laragon\www\cds4\system\View\View.php(213): CodeIgniter\View\View->CodeIgniter\View\{closure}()
#1 C:\laragon\www\cds4\system\Common.php(1089): CodeIgniter\View\View->render('index', Array, true)
#2 C:\laragon\www\cds4\app\Controllers\Home.php(23): view('index', Array)
#3 C:\laragon\www\cds4\system\CodeIgniter.php(832): App\Controllers\Home->index()
#4 C:\laragon\www\cds4\system\CodeIgniter.php(419): CodeIgniter\CodeIgniter->runController(Object(App\Controllers\Home))
#5 C:\laragon\www\cds4\system\CodeIgniter.php(326): CodeIgniter\CodeIgniter->handleRequest(NULL, Object(Config\Cache), false)
#6 C:\laragon\www\cds4\public\index.php(37): CodeIgniter\CodeIgniter->run()
#7 C:\laragon\www\cds4\system\Commands\Server\rewrite.php(43): require_once('C:\\laragon\\www\\...')
#8 {main}
CRITICAL - 2022-04-03 11:10:58 --> syntax error, unexpected ')'
#0 C:\laragon\www\cds4\system\View\View.php(213): CodeIgniter\View\View->CodeIgniter\View\{closure}()
#1 C:\laragon\www\cds4\system\Common.php(1089): CodeIgniter\View\View->render('index', Array, true)
#2 C:\laragon\www\cds4\app\Controllers\Home.php(23): view('index', Array)
#3 C:\laragon\www\cds4\system\CodeIgniter.php(832): App\Controllers\Home->index()
#4 C:\laragon\www\cds4\system\CodeIgniter.php(419): CodeIgniter\CodeIgniter->runController(Object(App\Controllers\Home))
#5 C:\laragon\www\cds4\system\CodeIgniter.php(326): CodeIgniter\CodeIgniter->handleRequest(NULL, Object(Config\Cache), false)
#6 C:\laragon\www\cds4\public\index.php(37): CodeIgniter\CodeIgniter->run()
#7 C:\laragon\www\cds4\system\Commands\Server\rewrite.php(43): require_once('C:\\laragon\\www\\...')
#8 {main}
CRITICAL - 2022-04-03 11:12:41 --> syntax error, unexpected 'endforeach' (T_ENDFOREACH), expecting end of file
#0 C:\laragon\www\cds4\system\View\View.php(213): CodeIgniter\View\View->CodeIgniter\View\{closure}()
#1 C:\laragon\www\cds4\system\Common.php(1089): CodeIgniter\View\View->render('index', Array, true)
#2 C:\laragon\www\cds4\app\Controllers\Home.php(23): view('index', Array)
#3 C:\laragon\www\cds4\system\CodeIgniter.php(832): App\Controllers\Home->index()
#4 C:\laragon\www\cds4\system\CodeIgniter.php(419): CodeIgniter\CodeIgniter->runController(Object(App\Controllers\Home))
#5 C:\laragon\www\cds4\system\CodeIgniter.php(326): CodeIgniter\CodeIgniter->handleRequest(NULL, Object(Config\Cache), false)
#6 C:\laragon\www\cds4\public\index.php(37): CodeIgniter\CodeIgniter->run()
#7 C:\laragon\www\cds4\system\Commands\Server\rewrite.php(43): require_once('C:\\laragon\\www\\...')
#8 {main}
CRITICAL - 2022-04-03 11:13:19 --> syntax error, unexpected 'endforeach' (T_ENDFOREACH), expecting end of file
#0 C:\laragon\www\cds4\system\View\View.php(213): CodeIgniter\View\View->CodeIgniter\View\{closure}()
#1 C:\laragon\www\cds4\system\Common.php(1089): CodeIgniter\View\View->render('index', Array, true)
#2 C:\laragon\www\cds4\app\Controllers\Home.php(23): view('index', Array)
#3 C:\laragon\www\cds4\system\CodeIgniter.php(832): App\Controllers\Home->index()
#4 C:\laragon\www\cds4\system\CodeIgniter.php(419): CodeIgniter\CodeIgniter->runController(Object(App\Controllers\Home))
#5 C:\laragon\www\cds4\system\CodeIgniter.php(326): CodeIgniter\CodeIgniter->handleRequest(NULL, Object(Config\Cache), false)
#6 C:\laragon\www\cds4\public\index.php(37): CodeIgniter\CodeIgniter->run()
#7 C:\laragon\www\cds4\system\Commands\Server\rewrite.php(43): require_once('C:\\laragon\\www\\...')
#8 {main}
CRITICAL - 2022-04-03 11:18:28 --> syntax error, unexpected '=>' (T_DOUBLE_ARROW), expecting ']'
#0 C:\laragon\www\cds4\system\Autoloader\Autoloader.php(241): CodeIgniter\Autoloader\Autoloader->includeFile('C:\\laragon\\www\\...')
#1 C:\laragon\www\cds4\system\Autoloader\Autoloader.php(219): CodeIgniter\Autoloader\Autoloader->loadInNamespace('App\\Controllers...')
#2 [internal function]: CodeIgniter\Autoloader\Autoloader->loadClass('App\\Controllers...')
#3 [internal function]: spl_autoload_call('App\\Controllers...')
#4 C:\laragon\www\cds4\system\CodeIgniter.php(797): class_exists('\\App\\Controller...', true)
#5 C:\laragon\www\cds4\system\CodeIgniter.php(406): CodeIgniter\CodeIgniter->startController()
#6 C:\laragon\www\cds4\system\CodeIgniter.php(326): CodeIgniter\CodeIgniter->handleRequest(NULL, Object(Config\Cache), false)
#7 C:\laragon\www\cds4\public\index.php(37): CodeIgniter\CodeIgniter->run()
#8 C:\laragon\www\cds4\system\Commands\Server\rewrite.php(43): require_once('C:\\laragon\\www\\...')
#9 {main}
ERROR - 2022-04-03 11:19:15 --> Error connecting to the database: Access denied for user ''@'localhost' (using password: NO)
CRITICAL - 2022-04-03 11:19:15 --> Unable to connect to the database.
Main connection [MySQLi]: Access denied for user ''@'localhost' (using password: NO)
#0 C:\laragon\www\cds4\system\Database\BaseConnection.php(577): CodeIgniter\Database\BaseConnection->initialize()
#1 C:\laragon\www\cds4\system\Database\BaseBuilder.php(1455): CodeIgniter\Database\BaseConnection->query('SELECT *\nFROM `...', Array, false)
#2 C:\laragon\www\cds4\system\Model.php(183): CodeIgniter\Database\BaseBuilder->get()
#3 C:\laragon\www\cds4\system\BaseModel.php(584): CodeIgniter\Model->doFindAll(0, 0)
#4 C:\laragon\www\cds4\app\Controllers\Home.php(17): CodeIgniter\BaseModel->findAll()
#5 C:\laragon\www\cds4\system\CodeIgniter.php(832): App\Controllers\Home->index()
#6 C:\laragon\www\cds4\system\CodeIgniter.php(419): CodeIgniter\CodeIgniter->runController(Object(App\Controllers\Home))
#7 C:\laragon\www\cds4\system\CodeIgniter.php(326): CodeIgniter\CodeIgniter->handleRequest(NULL, Object(Config\Cache), false)
#8 C:\laragon\www\cds4\public\index.php(37): CodeIgniter\CodeIgniter->run()
#9 C:\laragon\www\cds4\system\Commands\Server\rewrite.php(43): require_once('C:\\laragon\\www\\...')
#10 {main}
ERROR - 2022-04-03 11:20:13 --> Error connecting to the database: Access denied for user ''@'localhost' (using password: NO)
CRITICAL - 2022-04-03 11:20:13 --> Unable to connect to the database.
Main connection [MySQLi]: Access denied for user ''@'localhost' (using password: NO)
#0 C:\laragon\www\cds4\system\Database\BaseConnection.php(577): CodeIgniter\Database\BaseConnection->initialize()
#1 C:\laragon\www\cds4\system\Database\BaseBuilder.php(1455): CodeIgniter\Database\BaseConnection->query('SELECT *\nFROM `...', Array, false)
#2 C:\laragon\www\cds4\system\Model.php(183): CodeIgniter\Database\BaseBuilder->get()
#3 C:\laragon\www\cds4\system\BaseModel.php(584): CodeIgniter\Model->doFindAll(0, 0)
#4 C:\laragon\www\cds4\app\Controllers\Home.php(17): CodeIgniter\BaseModel->findAll()
#5 C:\laragon\www\cds4\system\CodeIgniter.php(832): App\Controllers\Home->index()
#6 C:\laragon\www\cds4\system\CodeIgniter.php(419): CodeIgniter\CodeIgniter->runController(Object(App\Controllers\Home))
#7 C:\laragon\www\cds4\system\CodeIgniter.php(326): CodeIgniter\CodeIgniter->handleRequest(NULL, Object(Config\Cache), false)
#8 C:\laragon\www\cds4\public\index.php(37): CodeIgniter\CodeIgniter->run()
#9 C:\laragon\www\cds4\system\Commands\Server\rewrite.php(43): require_once('C:\\laragon\\www\\...')
#10 {main}
ERROR - 2022-04-03 11:20:16 --> Error connecting to the database: Access denied for user ''@'localhost' (using password: NO)
CRITICAL - 2022-04-03 11:20:16 --> Unable to connect to the database.
Main connection [MySQLi]: Access denied for user ''@'localhost' (using password: NO)
#0 C:\laragon\www\cds4\system\Database\BaseConnection.php(577): CodeIgniter\Database\BaseConnection->initialize()
#1 C:\laragon\www\cds4\system\Database\BaseBuilder.php(1455): CodeIgniter\Database\BaseConnection->query('SELECT *\nFROM `...', Array, false)
#2 C:\laragon\www\cds4\system\Model.php(183): CodeIgniter\Database\BaseBuilder->get()
#3 C:\laragon\www\cds4\system\BaseModel.php(584): CodeIgniter\Model->doFindAll(0, 0)
#4 C:\laragon\www\cds4\app\Controllers\Home.php(17): CodeIgniter\BaseModel->findAll()
#5 C:\laragon\www\cds4\system\CodeIgniter.php(832): App\Controllers\Home->index()
#6 C:\laragon\www\cds4\system\CodeIgniter.php(419): CodeIgniter\CodeIgniter->runController(Object(App\Controllers\Home))
#7 C:\laragon\www\cds4\system\CodeIgniter.php(326): CodeIgniter\CodeIgniter->handleRequest(NULL, Object(Config\Cache), false)
#8 C:\laragon\www\cds4\public\index.php(37): CodeIgniter\CodeIgniter->run()
#9 C:\laragon\www\cds4\system\Commands\Server\rewrite.php(43): require_once('C:\\laragon\\www\\...')
#10 {main}
ERROR - 2022-04-03 11:20:22 --> Error connecting to the database: Access denied for user ''@'localhost' (using password: NO)
CRITICAL - 2022-04-03 11:20:22 --> Unable to connect to the database.
Main connection [MySQLi]: Access denied for user ''@'localhost' (using password: NO)
#0 C:\laragon\www\cds4\system\Database\BaseConnection.php(577): CodeIgniter\Database\BaseConnection->initialize()
#1 C:\laragon\www\cds4\system\Database\BaseBuilder.php(1455): CodeIgniter\Database\BaseConnection->query('SELECT *\nFROM `...', Array, false)
#2 C:\laragon\www\cds4\system\Model.php(183): CodeIgniter\Database\BaseBuilder->get()
#3 C:\laragon\www\cds4\system\BaseModel.php(584): CodeIgniter\Model->doFindAll(0, 0)
#4 C:\laragon\www\cds4\app\Controllers\Home.php(17): CodeIgniter\BaseModel->findAll()
#5 C:\laragon\www\cds4\system\CodeIgniter.php(832): App\Controllers\Home->index()
#6 C:\laragon\www\cds4\system\CodeIgniter.php(419): CodeIgniter\CodeIgniter->runController(Object(App\Controllers\Home))
#7 C:\laragon\www\cds4\system\CodeIgniter.php(326): CodeIgniter\CodeIgniter->handleRequest(NULL, Object(Config\Cache), false)
#8 C:\laragon\www\cds4\public\index.php(37): CodeIgniter\CodeIgniter->run()
#9 C:\laragon\www\cds4\system\Commands\Server\rewrite.php(43): require_once('C:\\laragon\\www\\...')
#10 {main}
CRITICAL - 2022-04-03 11:27:14 --> Undefined index: edu_id
#0 C:\laragon\www\cds4\app\Views\index.php(129): CodeIgniter\Debug\Exceptions->errorHandler(8, 'Undefined index...', 'C:\\laragon\\www\\...', 129, Array)
#1 C:\laragon\www\cds4\system\View\View.php(210): include('C:\\laragon\\www\\...')
#2 C:\laragon\www\cds4\system\View\View.php(213): CodeIgniter\View\View->CodeIgniter\View\{closure}()
#3 C:\laragon\www\cds4\system\Common.php(1089): CodeIgniter\View\View->render('index', Array, true)
#4 C:\laragon\www\cds4\app\Controllers\Home.php(23): view('index', Array)
#5 C:\laragon\www\cds4\system\CodeIgniter.php(832): App\Controllers\Home->index()
#6 C:\laragon\www\cds4\system\CodeIgniter.php(419): CodeIgniter\CodeIgniter->runController(Object(App\Controllers\Home))
#7 C:\laragon\www\cds4\system\CodeIgniter.php(326): CodeIgniter\CodeIgniter->handleRequest(NULL, Object(Config\Cache), false)
#8 C:\laragon\www\cds4\public\index.php(37): CodeIgniter\CodeIgniter->run()
#9 C:\laragon\www\cds4\system\Commands\Server\rewrite.php(43): require_once('C:\\laragon\\www\\...')
#10 {main}
CRITICAL - 2022-04-03 11:29:37 --> syntax error, unexpected 'endforeach' (T_ENDFOREACH), expecting end of file
#0 C:\laragon\www\cds4\system\View\View.php(213): CodeIgniter\View\View->CodeIgniter\View\{closure}()
#1 C:\laragon\www\cds4\system\Common.php(1089): CodeIgniter\View\View->render('index', Array, true)
#2 C:\laragon\www\cds4\app\Controllers\Home.php(23): view('index', Array)
#3 C:\laragon\www\cds4\system\CodeIgniter.php(832): App\Controllers\Home->index()
#4 C:\laragon\www\cds4\system\CodeIgniter.php(419): CodeIgniter\CodeIgniter->runController(Object(App\Controllers\Home))
#5 C:\laragon\www\cds4\system\CodeIgniter.php(326): CodeIgniter\CodeIgniter->handleRequest(NULL, Object(Config\Cache), false)
#6 C:\laragon\www\cds4\public\index.php(37): CodeIgniter\CodeIgniter->run()
#7 C:\laragon\www\cds4\system\Commands\Server\rewrite.php(43): require_once('C:\\laragon\\www\\...')
#8 {main}
CRITICAL - 2022-04-03 11:50:58 --> Undefined index: edu_id
#0 C:\laragon\www\cds4\app\Views\index.php(123): CodeIgniter\Debug\Exceptions->errorHandler(8, 'Undefined index...', 'C:\\laragon\\www\\...', 123, Array)
#1 C:\laragon\www\cds4\system\View\View.php(210): include('C:\\laragon\\www\\...')
#2 C:\laragon\www\cds4\system\View\View.php(213): CodeIgniter\View\View->CodeIgniter\View\{closure}()
#3 C:\laragon\www\cds4\system\Common.php(1089): CodeIgniter\View\View->render('index', Array, true)
#4 C:\laragon\www\cds4\app\Controllers\Home.php(22): view('index', Array)
#5 C:\laragon\www\cds4\system\CodeIgniter.php(832): App\Controllers\Home->index()
#6 C:\laragon\www\cds4\system\CodeIgniter.php(419): CodeIgniter\CodeIgniter->runController(Object(App\Controllers\Home))
#7 C:\laragon\www\cds4\system\CodeIgniter.php(326): CodeIgniter\CodeIgniter->handleRequest(NULL, Object(Config\Cache), false)
#8 C:\laragon\www\cds4\public\index.php(37): CodeIgniter\CodeIgniter->run()
#9 C:\laragon\www\cds4\system\Commands\Server\rewrite.php(43): require_once('C:\\laragon\\www\\...')
#10 {main}
CRITICAL - 2022-04-03 18:38:03 --> Undefined variable: edu
#0 C:\laragon\www\cds4\app\Views\index.php(127): CodeIgniter\Debug\Exceptions->errorHandler(8, 'Undefined varia...', 'C:\\laragon\\www\\...', 127, Array)
#1 C:\laragon\www\cds4\system\View\View.php(210): include('C:\\laragon\\www\\...')
#2 C:\laragon\www\cds4\system\View\View.php(213): CodeIgniter\View\View->CodeIgniter\View\{closure}()
#3 C:\laragon\www\cds4\system\Common.php(1089): CodeIgniter\View\View->render('index', Array, true)
#4 C:\laragon\www\cds4\app\Controllers\Home.php(22): view('index', Array)
#5 C:\laragon\www\cds4\system\CodeIgniter.php(832): App\Controllers\Home->index()
#6 C:\laragon\www\cds4\system\CodeIgniter.php(419): CodeIgniter\CodeIgniter->runController(Object(App\Controllers\Home))
#7 C:\laragon\www\cds4\system\CodeIgniter.php(326): CodeIgniter\CodeIgniter->handleRequest(NULL, Object(Config\Cache), false)
#8 C:\laragon\www\cds4\public\index.php(37): CodeIgniter\CodeIgniter->run()
#9 C:\laragon\www\cds4\system\Commands\Server\rewrite.php(43): require_once('C:\\laragon\\www\\...')
#10 {main}
CRITICAL - 2022-04-03 18:40:09 --> syntax error, unexpected end of file, expecting function (T_FUNCTION) or const (T_CONST)
#0 C:\laragon\www\cds4\system\Autoloader\Autoloader.php(241): CodeIgniter\Autoloader\Autoloader->includeFile('C:\\laragon\\www\\...')
#1 C:\laragon\www\cds4\system\Autoloader\Autoloader.php(219): CodeIgniter\Autoloader\Autoloader->loadInNamespace('App\\Controllers...')
#2 [internal function]: CodeIgniter\Autoloader\Autoloader->loadClass('App\\Controllers...')
#3 [internal function]: spl_autoload_call('App\\Controllers...')
#4 C:\laragon\www\cds4\system\CodeIgniter.php(797): class_exists('\\App\\Controller...', true)
#5 C:\laragon\www\cds4\system\CodeIgniter.php(406): CodeIgniter\CodeIgniter->startController()
#6 C:\laragon\www\cds4\system\CodeIgniter.php(326): CodeIgniter\CodeIgniter->handleRequest(NULL, Object(Config\Cache), false)
#7 C:\laragon\www\cds4\public\index.php(37): CodeIgniter\CodeIgniter->run()
#8 C:\laragon\www\cds4\system\Commands\Server\rewrite.php(43): require_once('C:\\laragon\\www\\...')
#9 {main}
CRITICAL - 2022-04-03 18:40:12 --> syntax error, unexpected end of file, expecting function (T_FUNCTION) or const (T_CONST)
#0 C:\laragon\www\cds4\system\Autoloader\Autoloader.php(241): CodeIgniter\Autoloader\Autoloader->includeFile('C:\\laragon\\www\\...')
#1 C:\laragon\www\cds4\system\Autoloader\Autoloader.php(219): CodeIgniter\Autoloader\Autoloader->loadInNamespace('App\\Controllers...')
#2 [internal function]: CodeIgniter\Autoloader\Autoloader->loadClass('App\\Controllers...')
#3 [internal function]: spl_autoload_call('App\\Controllers...')
#4 C:\laragon\www\cds4\system\CodeIgniter.php(797): class_exists('\\App\\Controller...', true)
#5 C:\laragon\www\cds4\system\CodeIgniter.php(406): CodeIgniter\CodeIgniter->startController()
#6 C:\laragon\www\cds4\system\CodeIgniter.php(326): CodeIgniter\CodeIgniter->handleRequest(NULL, Object(Config\Cache), false)
#7 C:\laragon\www\cds4\public\index.php(37): CodeIgniter\CodeIgniter->run()
#8 C:\laragon\www\cds4\system\Commands\Server\rewrite.php(43): require_once('C:\\laragon\\www\\...')
#9 {main}
CRITICAL - 2022-04-03 18:40:42 --> syntax error, unexpected end of file, expecting function (T_FUNCTION) or const (T_CONST)
#0 C:\laragon\www\cds4\system\Autoloader\Autoloader.php(241): CodeIgniter\Autoloader\Autoloader->includeFile('C:\\laragon\\www\\...')
#1 C:\laragon\www\cds4\system\Autoloader\Autoloader.php(219): CodeIgniter\Autoloader\Autoloader->loadInNamespace('App\\Controllers...')
#2 [internal function]: CodeIgniter\Autoloader\Autoloader->loadClass('App\\Controllers...')
#3 [internal function]: spl_autoload_call('App\\Controllers...')
#4 C:\laragon\www\cds4\system\CodeIgniter.php(797): class_exists('\\App\\Controller...', true)
#5 C:\laragon\www\cds4\system\CodeIgniter.php(406): CodeIgniter\CodeIgniter->startController()
#6 C:\laragon\www\cds4\system\CodeIgniter.php(326): CodeIgniter\CodeIgniter->handleRequest(NULL, Object(Config\Cache), false)
#7 C:\laragon\www\cds4\public\index.php(37): CodeIgniter\CodeIgniter->run()
#8 C:\laragon\www\cds4\system\Commands\Server\rewrite.php(43): require_once('C:\\laragon\\www\\...')
#9 {main}
CRITICAL - 2022-04-03 18:40:44 --> syntax error, unexpected end of file, expecting function (T_FUNCTION) or const (T_CONST)
#0 C:\laragon\www\cds4\system\Autoloader\Autoloader.php(241): CodeIgniter\Autoloader\Autoloader->includeFile('C:\\laragon\\www\\...')
#1 C:\laragon\www\cds4\system\Autoloader\Autoloader.php(219): CodeIgniter\Autoloader\Autoloader->loadInNamespace('App\\Controllers...')
#2 [internal function]: CodeIgniter\Autoloader\Autoloader->loadClass('App\\Controllers...')
#3 [internal function]: spl_autoload_call('App\\Controllers...')
#4 C:\laragon\www\cds4\system\CodeIgniter.php(797): class_exists('\\App\\Controller...', true)
#5 C:\laragon\www\cds4\system\CodeIgniter.php(406): CodeIgniter\CodeIgniter->startController()
#6 C:\laragon\www\cds4\system\CodeIgniter.php(326): CodeIgniter\CodeIgniter->handleRequest(NULL, Object(Config\Cache), false)
#7 C:\laragon\www\cds4\public\index.php(37): CodeIgniter\CodeIgniter->run()
#8 C:\laragon\www\cds4\system\Commands\Server\rewrite.php(43): require_once('C:\\laragon\\www\\...')
#9 {main}
CRITICAL - 2022-04-03 18:40:45 --> syntax error, unexpected end of file, expecting function (T_FUNCTION) or const (T_CONST)
#0 C:\laragon\www\cds4\system\Autoloader\Autoloader.php(241): CodeIgniter\Autoloader\Autoloader->includeFile('C:\\laragon\\www\\...')
#1 C:\laragon\www\cds4\system\Autoloader\Autoloader.php(219): CodeIgniter\Autoloader\Autoloader->loadInNamespace('App\\Controllers...')
#2 [internal function]: CodeIgniter\Autoloader\Autoloader->loadClass('App\\Controllers...')
#3 [internal function]: spl_autoload_call('App\\Controllers...')
#4 C:\laragon\www\cds4\system\CodeIgniter.php(797): class_exists('\\App\\Controller...', true)
#5 C:\laragon\www\cds4\system\CodeIgniter.php(406): CodeIgniter\CodeIgniter->startController()
#6 C:\laragon\www\cds4\system\CodeIgniter.php(326): CodeIgniter\CodeIgniter->handleRequest(NULL, Object(Config\Cache), false)
#7 C:\laragon\www\cds4\public\index.php(37): CodeIgniter\CodeIgniter->run()
#8 C:\laragon\www\cds4\system\Commands\Server\rewrite.php(43): require_once('C:\\laragon\\www\\...')
#9 {main}
CRITICAL - 2022-04-03 18:40:46 --> syntax error, unexpected end of file, expecting function (T_FUNCTION) or const (T_CONST)
#0 C:\laragon\www\cds4\system\Autoloader\Autoloader.php(241): CodeIgniter\Autoloader\Autoloader->includeFile('C:\\laragon\\www\\...')
#1 C:\laragon\www\cds4\system\Autoloader\Autoloader.php(219): CodeIgniter\Autoloader\Autoloader->loadInNamespace('App\\Controllers...')
#2 [internal function]: CodeIgniter\Autoloader\Autoloader->loadClass('App\\Controllers...')
#3 [internal function]: spl_autoload_call('App\\Controllers...')
#4 C:\laragon\www\cds4\system\CodeIgniter.php(797): class_exists('\\App\\Controller...', true)
#5 C:\laragon\www\cds4\system\CodeIgniter.php(406): CodeIgniter\CodeIgniter->startController()
#6 C:\laragon\www\cds4\system\CodeIgniter.php(326): CodeIgniter\CodeIgniter->handleRequest(NULL, Object(Config\Cache), false)
#7 C:\laragon\www\cds4\public\index.php(37): CodeIgniter\CodeIgniter->run()
#8 C:\laragon\www\cds4\system\Commands\Server\rewrite.php(43): require_once('C:\\laragon\\www\\...')
#9 {main}
