CRITICAL - 2022-04-07 11:16:08 --> syntax error, unexpected end of file, expecting function (T_FUNCTION) or const (T_CONST)
#0 C:\laragon\www\cds4\system\Autoloader\Autoloader.php(241): CodeIgniter\Autoloader\Autoloader->includeFile('C:\\laragon\\www\\...')
#1 C:\laragon\www\cds4\system\Autoloader\Autoloader.php(219): CodeIgniter\Autoloader\Autoloader->loadInNamespace('App\\Controllers...')
#2 [internal function]: CodeIgniter\Autoloader\Autoloader->loadClass('App\\Controllers...')
#3 [internal function]: spl_autoload_call('App\\Controllers...')
#4 C:\laragon\www\cds4\system\CodeIgniter.php(797): class_exists('\\App\\Controller...', true)
#5 C:\laragon\www\cds4\system\CodeIgniter.php(406): CodeIgniter\CodeIgniter->startController()
#6 C:\laragon\www\cds4\system\CodeIgniter.php(326): CodeIgniter\CodeIgniter->handleRequest(NULL, Object(Config\Cache), false)
#7 C:\laragon\www\cds4\public\index.php(37): CodeIgniter\CodeIgniter->run()
#8 C:\laragon\www\cds4\system\Commands\Server\rewrite.php(43): require_once('C:\\laragon\\www\\...')
#9 {main}
CRITICAL - 2022-04-07 11:16:48 --> syntax error, unexpected end of file, expecting function (T_FUNCTION) or const (T_CONST)
#0 C:\laragon\www\cds4\system\Autoloader\Autoloader.php(241): CodeIgniter\Autoloader\Autoloader->includeFile('C:\\laragon\\www\\...')
#1 C:\laragon\www\cds4\system\Autoloader\Autoloader.php(219): CodeIgniter\Autoloader\Autoloader->loadInNamespace('App\\Controllers...')
#2 [internal function]: CodeIgniter\Autoloader\Autoloader->loadClass('App\\Controllers...')
#3 [internal function]: spl_autoload_call('App\\Controllers...')
#4 C:\laragon\www\cds4\system\CodeIgniter.php(797): class_exists('\\App\\Controller...', true)
#5 C:\laragon\www\cds4\system\CodeIgniter.php(406): CodeIgniter\CodeIgniter->startController()
#6 C:\laragon\www\cds4\system\CodeIgniter.php(326): CodeIgniter\CodeIgniter->handleRequest(NULL, Object(Config\Cache), false)
#7 C:\laragon\www\cds4\public\index.php(37): CodeIgniter\CodeIgniter->run()
#8 C:\laragon\www\cds4\system\Commands\Server\rewrite.php(43): require_once('C:\\laragon\\www\\...')
#9 {main}
CRITICAL - 2022-04-07 11:16:52 --> syntax error, unexpected end of file, expecting function (T_FUNCTION) or const (T_CONST)
#0 C:\laragon\www\cds4\system\Autoloader\Autoloader.php(241): CodeIgniter\Autoloader\Autoloader->includeFile('C:\\laragon\\www\\...')
#1 C:\laragon\www\cds4\system\Autoloader\Autoloader.php(219): CodeIgniter\Autoloader\Autoloader->loadInNamespace('App\\Controllers...')
#2 [internal function]: CodeIgniter\Autoloader\Autoloader->loadClass('App\\Controllers...')
#3 [internal function]: spl_autoload_call('App\\Controllers...')
#4 C:\laragon\www\cds4\system\CodeIgniter.php(797): class_exists('\\App\\Controller...', true)
#5 C:\laragon\www\cds4\system\CodeIgniter.php(406): CodeIgniter\CodeIgniter->startController()
#6 C:\laragon\www\cds4\system\CodeIgniter.php(326): CodeIgniter\CodeIgniter->handleRequest(NULL, Object(Config\Cache), false)
#7 C:\laragon\www\cds4\public\index.php(37): CodeIgniter\CodeIgniter->run()
#8 C:\laragon\www\cds4\system\Commands\Server\rewrite.php(43): require_once('C:\\laragon\\www\\...')
#9 {main}
CRITICAL - 2022-04-07 11:16:53 --> syntax error, unexpected end of file, expecting function (T_FUNCTION) or const (T_CONST)
#0 C:\laragon\www\cds4\system\Autoloader\Autoloader.php(241): CodeIgniter\Autoloader\Autoloader->includeFile('C:\\laragon\\www\\...')
#1 C:\laragon\www\cds4\system\Autoloader\Autoloader.php(219): CodeIgniter\Autoloader\Autoloader->loadInNamespace('App\\Controllers...')
#2 [internal function]: CodeIgniter\Autoloader\Autoloader->loadClass('App\\Controllers...')
#3 [internal function]: spl_autoload_call('App\\Controllers...')
#4 C:\laragon\www\cds4\system\CodeIgniter.php(797): class_exists('\\App\\Controller...', true)
#5 C:\laragon\www\cds4\system\CodeIgniter.php(406): CodeIgniter\CodeIgniter->startController()
#6 C:\laragon\www\cds4\system\CodeIgniter.php(326): CodeIgniter\CodeIgniter->handleRequest(NULL, Object(Config\Cache), false)
#7 C:\laragon\www\cds4\public\index.php(37): CodeIgniter\CodeIgniter->run()
#8 C:\laragon\www\cds4\system\Commands\Server\rewrite.php(43): require_once('C:\\laragon\\www\\...')
#9 {main}
CRITICAL - 2022-04-07 11:16:53 --> syntax error, unexpected end of file, expecting function (T_FUNCTION) or const (T_CONST)
#0 C:\laragon\www\cds4\system\Autoloader\Autoloader.php(241): CodeIgniter\Autoloader\Autoloader->includeFile('C:\\laragon\\www\\...')
#1 C:\laragon\www\cds4\system\Autoloader\Autoloader.php(219): CodeIgniter\Autoloader\Autoloader->loadInNamespace('App\\Controllers...')
#2 [internal function]: CodeIgniter\Autoloader\Autoloader->loadClass('App\\Controllers...')
#3 [internal function]: spl_autoload_call('App\\Controllers...')
#4 C:\laragon\www\cds4\system\CodeIgniter.php(797): class_exists('\\App\\Controller...', true)
#5 C:\laragon\www\cds4\system\CodeIgniter.php(406): CodeIgniter\CodeIgniter->startController()
#6 C:\laragon\www\cds4\system\CodeIgniter.php(326): CodeIgniter\CodeIgniter->handleRequest(NULL, Object(Config\Cache), false)
#7 C:\laragon\www\cds4\public\index.php(37): CodeIgniter\CodeIgniter->run()
#8 C:\laragon\www\cds4\system\Commands\Server\rewrite.php(43): require_once('C:\\laragon\\www\\...')
#9 {main}
CRITICAL - 2022-04-07 11:18:16 --> syntax error, unexpected end of file, expecting function (T_FUNCTION) or const (T_CONST)
#0 C:\laragon\www\cds4\system\Autoloader\Autoloader.php(241): CodeIgniter\Autoloader\Autoloader->includeFile('C:\\laragon\\www\\...')
#1 C:\laragon\www\cds4\system\Autoloader\Autoloader.php(219): CodeIgniter\Autoloader\Autoloader->loadInNamespace('App\\Controllers...')
#2 [internal function]: CodeIgniter\Autoloader\Autoloader->loadClass('App\\Controllers...')
#3 [internal function]: spl_autoload_call('App\\Controllers...')
#4 C:\laragon\www\cds4\system\CodeIgniter.php(797): class_exists('\\App\\Controller...', true)
#5 C:\laragon\www\cds4\system\CodeIgniter.php(406): CodeIgniter\CodeIgniter->startController()
#6 C:\laragon\www\cds4\system\CodeIgniter.php(326): CodeIgniter\CodeIgniter->handleRequest(NULL, Object(Config\Cache), false)
#7 C:\laragon\www\cds4\public\index.php(37): CodeIgniter\CodeIgniter->run()
#8 C:\laragon\www\cds4\system\Commands\Server\rewrite.php(43): require_once('C:\\laragon\\www\\...')
#9 {main}
CRITICAL - 2022-04-07 11:18:46 --> syntax error, unexpected end of file, expecting function (T_FUNCTION) or const (T_CONST)
#0 C:\laragon\www\cds4\system\Autoloader\Autoloader.php(241): CodeIgniter\Autoloader\Autoloader->includeFile('C:\\laragon\\www\\...')
#1 C:\laragon\www\cds4\system\Autoloader\Autoloader.php(219): CodeIgniter\Autoloader\Autoloader->loadInNamespace('App\\Controllers...')
#2 [internal function]: CodeIgniter\Autoloader\Autoloader->loadClass('App\\Controllers...')
#3 [internal function]: spl_autoload_call('App\\Controllers...')
#4 C:\laragon\www\cds4\system\CodeIgniter.php(797): class_exists('\\App\\Controller...', true)
#5 C:\laragon\www\cds4\system\CodeIgniter.php(406): CodeIgniter\CodeIgniter->startController()
#6 C:\laragon\www\cds4\system\CodeIgniter.php(326): CodeIgniter\CodeIgniter->handleRequest(NULL, Object(Config\Cache), false)
#7 C:\laragon\www\cds4\public\index.php(37): CodeIgniter\CodeIgniter->run()
#8 C:\laragon\www\cds4\system\Commands\Server\rewrite.php(43): require_once('C:\\laragon\\www\\...')
#9 {main}
CRITICAL - 2022-04-07 11:18:51 --> syntax error, unexpected end of file, expecting function (T_FUNCTION) or const (T_CONST)
#0 C:\laragon\www\cds4\system\Autoloader\Autoloader.php(241): CodeIgniter\Autoloader\Autoloader->includeFile('C:\\laragon\\www\\...')
#1 C:\laragon\www\cds4\system\Autoloader\Autoloader.php(219): CodeIgniter\Autoloader\Autoloader->loadInNamespace('App\\Controllers...')
#2 [internal function]: CodeIgniter\Autoloader\Autoloader->loadClass('App\\Controllers...')
#3 [internal function]: spl_autoload_call('App\\Controllers...')
#4 C:\laragon\www\cds4\system\CodeIgniter.php(797): class_exists('\\App\\Controller...', true)
#5 C:\laragon\www\cds4\system\CodeIgniter.php(406): CodeIgniter\CodeIgniter->startController()
#6 C:\laragon\www\cds4\system\CodeIgniter.php(326): CodeIgniter\CodeIgniter->handleRequest(NULL, Object(Config\Cache), false)
#7 C:\laragon\www\cds4\public\index.php(37): CodeIgniter\CodeIgniter->run()
#8 C:\laragon\www\cds4\system\Commands\Server\rewrite.php(43): require_once('C:\\laragon\\www\\...')
#9 {main}
CRITICAL - 2022-04-07 11:35:36 --> Invalid file: home.php
#0 C:\laragon\www\cds4\system\View\View.php(198): CodeIgniter\Exceptions\FrameworkException::forInvalidFile('home.php')
#1 C:\laragon\www\cds4\system\Common.php(1089): CodeIgniter\View\View->render('home', Array, true)
#2 C:\laragon\www\cds4\app\Controllers\Home.php(16): view('home', Array)
#3 C:\laragon\www\cds4\system\CodeIgniter.php(832): App\Controllers\Home->index()
#4 C:\laragon\www\cds4\system\CodeIgniter.php(419): CodeIgniter\CodeIgniter->runController(Object(App\Controllers\Home))
#5 C:\laragon\www\cds4\system\CodeIgniter.php(326): CodeIgniter\CodeIgniter->handleRequest(NULL, Object(Config\Cache), false)
#6 C:\laragon\www\cds4\public\index.php(37): CodeIgniter\CodeIgniter->run()
#7 C:\laragon\www\cds4\system\Commands\Server\rewrite.php(43): require_once('C:\\laragon\\www\\...')
#8 {main}
CRITICAL - 2022-04-07 11:42:42 --> Invalid file: home.php
#0 C:\laragon\www\cds4\system\View\View.php(198): CodeIgniter\Exceptions\FrameworkException::forInvalidFile('home.php')
#1 C:\laragon\www\cds4\system\Common.php(1089): CodeIgniter\View\View->render('home', Array, true)
#2 C:\laragon\www\cds4\app\Controllers\Home.php(21): view('home', Array)
#3 C:\laragon\www\cds4\system\CodeIgniter.php(832): App\Controllers\Home->index()
#4 C:\laragon\www\cds4\system\CodeIgniter.php(419): CodeIgniter\CodeIgniter->runController(Object(App\Controllers\Home))
#5 C:\laragon\www\cds4\system\CodeIgniter.php(326): CodeIgniter\CodeIgniter->handleRequest(NULL, Object(Config\Cache), false)
#6 C:\laragon\www\cds4\public\index.php(37): CodeIgniter\CodeIgniter->run()
#7 C:\laragon\www\cds4\system\Commands\Server\rewrite.php(43): require_once('C:\\laragon\\www\\...')
#8 {main}
CRITICAL - 2022-04-07 11:42:45 --> Invalid file: home.php
#0 C:\laragon\www\cds4\system\View\View.php(198): CodeIgniter\Exceptions\FrameworkException::forInvalidFile('home.php')
#1 C:\laragon\www\cds4\system\Common.php(1089): CodeIgniter\View\View->render('home', Array, true)
#2 C:\laragon\www\cds4\app\Controllers\Home.php(21): view('home', Array)
#3 C:\laragon\www\cds4\system\CodeIgniter.php(832): App\Controllers\Home->index()
#4 C:\laragon\www\cds4\system\CodeIgniter.php(419): CodeIgniter\CodeIgniter->runController(Object(App\Controllers\Home))
#5 C:\laragon\www\cds4\system\CodeIgniter.php(326): CodeIgniter\CodeIgniter->handleRequest(NULL, Object(Config\Cache), false)
#6 C:\laragon\www\cds4\public\index.php(37): CodeIgniter\CodeIgniter->run()
#7 C:\laragon\www\cds4\system\Commands\Server\rewrite.php(43): require_once('C:\\laragon\\www\\...')
#8 {main}
CRITICAL - 2022-04-07 11:42:46 --> Invalid file: home.php
#0 C:\laragon\www\cds4\system\View\View.php(198): CodeIgniter\Exceptions\FrameworkException::forInvalidFile('home.php')
#1 C:\laragon\www\cds4\system\Common.php(1089): CodeIgniter\View\View->render('home', Array, true)
#2 C:\laragon\www\cds4\app\Controllers\Home.php(21): view('home', Array)
#3 C:\laragon\www\cds4\system\CodeIgniter.php(832): App\Controllers\Home->index()
#4 C:\laragon\www\cds4\system\CodeIgniter.php(419): CodeIgniter\CodeIgniter->runController(Object(App\Controllers\Home))
#5 C:\laragon\www\cds4\system\CodeIgniter.php(326): CodeIgniter\CodeIgniter->handleRequest(NULL, Object(Config\Cache), false)
#6 C:\laragon\www\cds4\public\index.php(37): CodeIgniter\CodeIgniter->run()
#7 C:\laragon\www\cds4\system\Commands\Server\rewrite.php(43): require_once('C:\\laragon\\www\\...')
#8 {main}
CRITICAL - 2022-04-07 11:42:46 --> Invalid file: home.php
#0 C:\laragon\www\cds4\system\View\View.php(198): CodeIgniter\Exceptions\FrameworkException::forInvalidFile('home.php')
#1 C:\laragon\www\cds4\system\Common.php(1089): CodeIgniter\View\View->render('home', Array, true)
#2 C:\laragon\www\cds4\app\Controllers\Home.php(21): view('home', Array)
#3 C:\laragon\www\cds4\system\CodeIgniter.php(832): App\Controllers\Home->index()
#4 C:\laragon\www\cds4\system\CodeIgniter.php(419): CodeIgniter\CodeIgniter->runController(Object(App\Controllers\Home))
#5 C:\laragon\www\cds4\system\CodeIgniter.php(326): CodeIgniter\CodeIgniter->handleRequest(NULL, Object(Config\Cache), false)
#6 C:\laragon\www\cds4\public\index.php(37): CodeIgniter\CodeIgniter->run()
#7 C:\laragon\www\cds4\system\Commands\Server\rewrite.php(43): require_once('C:\\laragon\\www\\...')
#8 {main}
CRITICAL - 2022-04-07 11:42:46 --> Invalid file: home.php
#0 C:\laragon\www\cds4\system\View\View.php(198): CodeIgniter\Exceptions\FrameworkException::forInvalidFile('home.php')
#1 C:\laragon\www\cds4\system\Common.php(1089): CodeIgniter\View\View->render('home', Array, true)
#2 C:\laragon\www\cds4\app\Controllers\Home.php(21): view('home', Array)
#3 C:\laragon\www\cds4\system\CodeIgniter.php(832): App\Controllers\Home->index()
#4 C:\laragon\www\cds4\system\CodeIgniter.php(419): CodeIgniter\CodeIgniter->runController(Object(App\Controllers\Home))
#5 C:\laragon\www\cds4\system\CodeIgniter.php(326): CodeIgniter\CodeIgniter->handleRequest(NULL, Object(Config\Cache), false)
#6 C:\laragon\www\cds4\public\index.php(37): CodeIgniter\CodeIgniter->run()
#7 C:\laragon\www\cds4\system\Commands\Server\rewrite.php(43): require_once('C:\\laragon\\www\\...')
#8 {main}
CRITICAL - 2022-04-07 11:42:46 --> Invalid file: home.php
#0 C:\laragon\www\cds4\system\View\View.php(198): CodeIgniter\Exceptions\FrameworkException::forInvalidFile('home.php')
#1 C:\laragon\www\cds4\system\Common.php(1089): CodeIgniter\View\View->render('home', Array, true)
#2 C:\laragon\www\cds4\app\Controllers\Home.php(21): view('home', Array)
#3 C:\laragon\www\cds4\system\CodeIgniter.php(832): App\Controllers\Home->index()
#4 C:\laragon\www\cds4\system\CodeIgniter.php(419): CodeIgniter\CodeIgniter->runController(Object(App\Controllers\Home))
#5 C:\laragon\www\cds4\system\CodeIgniter.php(326): CodeIgniter\CodeIgniter->handleRequest(NULL, Object(Config\Cache), false)
#6 C:\laragon\www\cds4\public\index.php(37): CodeIgniter\CodeIgniter->run()
#7 C:\laragon\www\cds4\system\Commands\Server\rewrite.php(43): require_once('C:\\laragon\\www\\...')
#8 {main}
CRITICAL - 2022-04-07 11:42:47 --> Invalid file: home.php
#0 C:\laragon\www\cds4\system\View\View.php(198): CodeIgniter\Exceptions\FrameworkException::forInvalidFile('home.php')
#1 C:\laragon\www\cds4\system\Common.php(1089): CodeIgniter\View\View->render('home', Array, true)
#2 C:\laragon\www\cds4\app\Controllers\Home.php(21): view('home', Array)
#3 C:\laragon\www\cds4\system\CodeIgniter.php(832): App\Controllers\Home->index()
#4 C:\laragon\www\cds4\system\CodeIgniter.php(419): CodeIgniter\CodeIgniter->runController(Object(App\Controllers\Home))
#5 C:\laragon\www\cds4\system\CodeIgniter.php(326): CodeIgniter\CodeIgniter->handleRequest(NULL, Object(Config\Cache), false)
#6 C:\laragon\www\cds4\public\index.php(37): CodeIgniter\CodeIgniter->run()
#7 C:\laragon\www\cds4\system\Commands\Server\rewrite.php(43): require_once('C:\\laragon\\www\\...')
#8 {main}
CRITICAL - 2022-04-07 11:42:47 --> Invalid file: home.php
#0 C:\laragon\www\cds4\system\View\View.php(198): CodeIgniter\Exceptions\FrameworkException::forInvalidFile('home.php')
#1 C:\laragon\www\cds4\system\Common.php(1089): CodeIgniter\View\View->render('home', Array, true)
#2 C:\laragon\www\cds4\app\Controllers\Home.php(21): view('home', Array)
#3 C:\laragon\www\cds4\system\CodeIgniter.php(832): App\Controllers\Home->index()
#4 C:\laragon\www\cds4\system\CodeIgniter.php(419): CodeIgniter\CodeIgniter->runController(Object(App\Controllers\Home))
#5 C:\laragon\www\cds4\system\CodeIgniter.php(326): CodeIgniter\CodeIgniter->handleRequest(NULL, Object(Config\Cache), false)
#6 C:\laragon\www\cds4\public\index.php(37): CodeIgniter\CodeIgniter->run()
#7 C:\laragon\www\cds4\system\Commands\Server\rewrite.php(43): require_once('C:\\laragon\\www\\...')
#8 {main}
CRITICAL - 2022-04-07 11:42:47 --> Invalid file: home.php
#0 C:\laragon\www\cds4\system\View\View.php(198): CodeIgniter\Exceptions\FrameworkException::forInvalidFile('home.php')
#1 C:\laragon\www\cds4\system\Common.php(1089): CodeIgniter\View\View->render('home', Array, true)
#2 C:\laragon\www\cds4\app\Controllers\Home.php(21): view('home', Array)
#3 C:\laragon\www\cds4\system\CodeIgniter.php(832): App\Controllers\Home->index()
#4 C:\laragon\www\cds4\system\CodeIgniter.php(419): CodeIgniter\CodeIgniter->runController(Object(App\Controllers\Home))
#5 C:\laragon\www\cds4\system\CodeIgniter.php(326): CodeIgniter\CodeIgniter->handleRequest(NULL, Object(Config\Cache), false)
#6 C:\laragon\www\cds4\public\index.php(37): CodeIgniter\CodeIgniter->run()
#7 C:\laragon\www\cds4\system\Commands\Server\rewrite.php(43): require_once('C:\\laragon\\www\\...')
#8 {main}
CRITICAL - 2022-04-07 11:42:47 --> Invalid file: home.php
#0 C:\laragon\www\cds4\system\View\View.php(198): CodeIgniter\Exceptions\FrameworkException::forInvalidFile('home.php')
#1 C:\laragon\www\cds4\system\Common.php(1089): CodeIgniter\View\View->render('home', Array, true)
#2 C:\laragon\www\cds4\app\Controllers\Home.php(21): view('home', Array)
#3 C:\laragon\www\cds4\system\CodeIgniter.php(832): App\Controllers\Home->index()
#4 C:\laragon\www\cds4\system\CodeIgniter.php(419): CodeIgniter\CodeIgniter->runController(Object(App\Controllers\Home))
#5 C:\laragon\www\cds4\system\CodeIgniter.php(326): CodeIgniter\CodeIgniter->handleRequest(NULL, Object(Config\Cache), false)
#6 C:\laragon\www\cds4\public\index.php(37): CodeIgniter\CodeIgniter->run()
#7 C:\laragon\www\cds4\system\Commands\Server\rewrite.php(43): require_once('C:\\laragon\\www\\...')
#8 {main}
CRITICAL - 2022-04-07 11:42:47 --> Invalid file: home.php
#0 C:\laragon\www\cds4\system\View\View.php(198): CodeIgniter\Exceptions\FrameworkException::forInvalidFile('home.php')
#1 C:\laragon\www\cds4\system\Common.php(1089): CodeIgniter\View\View->render('home', Array, true)
#2 C:\laragon\www\cds4\app\Controllers\Home.php(21): view('home', Array)
#3 C:\laragon\www\cds4\system\CodeIgniter.php(832): App\Controllers\Home->index()
#4 C:\laragon\www\cds4\system\CodeIgniter.php(419): CodeIgniter\CodeIgniter->runController(Object(App\Controllers\Home))
#5 C:\laragon\www\cds4\system\CodeIgniter.php(326): CodeIgniter\CodeIgniter->handleRequest(NULL, Object(Config\Cache), false)
#6 C:\laragon\www\cds4\public\index.php(37): CodeIgniter\CodeIgniter->run()
#7 C:\laragon\www\cds4\system\Commands\Server\rewrite.php(43): require_once('C:\\laragon\\www\\...')
#8 {main}
CRITICAL - 2022-04-07 11:42:47 --> Invalid file: home.php
#0 C:\laragon\www\cds4\system\View\View.php(198): CodeIgniter\Exceptions\FrameworkException::forInvalidFile('home.php')
#1 C:\laragon\www\cds4\system\Common.php(1089): CodeIgniter\View\View->render('home', Array, true)
#2 C:\laragon\www\cds4\app\Controllers\Home.php(21): view('home', Array)
#3 C:\laragon\www\cds4\system\CodeIgniter.php(832): App\Controllers\Home->index()
#4 C:\laragon\www\cds4\system\CodeIgniter.php(419): CodeIgniter\CodeIgniter->runController(Object(App\Controllers\Home))
#5 C:\laragon\www\cds4\system\CodeIgniter.php(326): CodeIgniter\CodeIgniter->handleRequest(NULL, Object(Config\Cache), false)
#6 C:\laragon\www\cds4\public\index.php(37): CodeIgniter\CodeIgniter->run()
#7 C:\laragon\www\cds4\system\Commands\Server\rewrite.php(43): require_once('C:\\laragon\\www\\...')
#8 {main}
CRITICAL - 2022-04-07 11:42:48 --> Invalid file: home.php
#0 C:\laragon\www\cds4\system\View\View.php(198): CodeIgniter\Exceptions\FrameworkException::forInvalidFile('home.php')
#1 C:\laragon\www\cds4\system\Common.php(1089): CodeIgniter\View\View->render('home', Array, true)
#2 C:\laragon\www\cds4\app\Controllers\Home.php(21): view('home', Array)
#3 C:\laragon\www\cds4\system\CodeIgniter.php(832): App\Controllers\Home->index()
#4 C:\laragon\www\cds4\system\CodeIgniter.php(419): CodeIgniter\CodeIgniter->runController(Object(App\Controllers\Home))
#5 C:\laragon\www\cds4\system\CodeIgniter.php(326): CodeIgniter\CodeIgniter->handleRequest(NULL, Object(Config\Cache), false)
#6 C:\laragon\www\cds4\public\index.php(37): CodeIgniter\CodeIgniter->run()
#7 C:\laragon\www\cds4\system\Commands\Server\rewrite.php(43): require_once('C:\\laragon\\www\\...')
#8 {main}
CRITICAL - 2022-04-07 11:42:48 --> Invalid file: home.php
#0 C:\laragon\www\cds4\system\View\View.php(198): CodeIgniter\Exceptions\FrameworkException::forInvalidFile('home.php')
#1 C:\laragon\www\cds4\system\Common.php(1089): CodeIgniter\View\View->render('home', Array, true)
#2 C:\laragon\www\cds4\app\Controllers\Home.php(21): view('home', Array)
#3 C:\laragon\www\cds4\system\CodeIgniter.php(832): App\Controllers\Home->index()
#4 C:\laragon\www\cds4\system\CodeIgniter.php(419): CodeIgniter\CodeIgniter->runController(Object(App\Controllers\Home))
#5 C:\laragon\www\cds4\system\CodeIgniter.php(326): CodeIgniter\CodeIgniter->handleRequest(NULL, Object(Config\Cache), false)
#6 C:\laragon\www\cds4\public\index.php(37): CodeIgniter\CodeIgniter->run()
#7 C:\laragon\www\cds4\system\Commands\Server\rewrite.php(43): require_once('C:\\laragon\\www\\...')
#8 {main}
CRITICAL - 2022-04-07 11:42:48 --> Invalid file: home.php
#0 C:\laragon\www\cds4\system\View\View.php(198): CodeIgniter\Exceptions\FrameworkException::forInvalidFile('home.php')
#1 C:\laragon\www\cds4\system\Common.php(1089): CodeIgniter\View\View->render('home', Array, true)
#2 C:\laragon\www\cds4\app\Controllers\Home.php(21): view('home', Array)
#3 C:\laragon\www\cds4\system\CodeIgniter.php(832): App\Controllers\Home->index()
#4 C:\laragon\www\cds4\system\CodeIgniter.php(419): CodeIgniter\CodeIgniter->runController(Object(App\Controllers\Home))
#5 C:\laragon\www\cds4\system\CodeIgniter.php(326): CodeIgniter\CodeIgniter->handleRequest(NULL, Object(Config\Cache), false)
#6 C:\laragon\www\cds4\public\index.php(37): CodeIgniter\CodeIgniter->run()
#7 C:\laragon\www\cds4\system\Commands\Server\rewrite.php(43): require_once('C:\\laragon\\www\\...')
#8 {main}
CRITICAL - 2022-04-07 11:42:48 --> Invalid file: home.php
#0 C:\laragon\www\cds4\system\View\View.php(198): CodeIgniter\Exceptions\FrameworkException::forInvalidFile('home.php')
#1 C:\laragon\www\cds4\system\Common.php(1089): CodeIgniter\View\View->render('home', Array, true)
#2 C:\laragon\www\cds4\app\Controllers\Home.php(21): view('home', Array)
#3 C:\laragon\www\cds4\system\CodeIgniter.php(832): App\Controllers\Home->index()
#4 C:\laragon\www\cds4\system\CodeIgniter.php(419): CodeIgniter\CodeIgniter->runController(Object(App\Controllers\Home))
#5 C:\laragon\www\cds4\system\CodeIgniter.php(326): CodeIgniter\CodeIgniter->handleRequest(NULL, Object(Config\Cache), false)
#6 C:\laragon\www\cds4\public\index.php(37): CodeIgniter\CodeIgniter->run()
#7 C:\laragon\www\cds4\system\Commands\Server\rewrite.php(43): require_once('C:\\laragon\\www\\...')
#8 {main}
CRITICAL - 2022-04-07 11:47:57 --> Invalid file: home.php
#0 C:\laragon\www\cds4\system\View\View.php(198): CodeIgniter\Exceptions\FrameworkException::forInvalidFile('home.php')
#1 C:\laragon\www\cds4\system\Common.php(1089): CodeIgniter\View\View->render('home', Array, true)
#2 C:\laragon\www\cds4\app\Controllers\Home.php(21): view('home', Array)
#3 C:\laragon\www\cds4\system\CodeIgniter.php(832): App\Controllers\Home->index()
#4 C:\laragon\www\cds4\system\CodeIgniter.php(419): CodeIgniter\CodeIgniter->runController(Object(App\Controllers\Home))
#5 C:\laragon\www\cds4\system\CodeIgniter.php(326): CodeIgniter\CodeIgniter->handleRequest(NULL, Object(Config\Cache), false)
#6 C:\laragon\www\cds4\public\index.php(37): CodeIgniter\CodeIgniter->run()
#7 C:\laragon\www\cds4\system\Commands\Server\rewrite.php(43): require_once('C:\\laragon\\www\\...')
#8 {main}
CRITICAL - 2022-04-07 11:48:33 --> Invalid file: home.php
#0 C:\laragon\www\cds4\system\View\View.php(198): CodeIgniter\Exceptions\FrameworkException::forInvalidFile('home.php')
#1 C:\laragon\www\cds4\system\Common.php(1089): CodeIgniter\View\View->render('home', Array, true)
#2 C:\laragon\www\cds4\app\Controllers\Home.php(21): view('home', Array)
#3 C:\laragon\www\cds4\system\CodeIgniter.php(832): App\Controllers\Home->index()
#4 C:\laragon\www\cds4\system\CodeIgniter.php(419): CodeIgniter\CodeIgniter->runController(Object(App\Controllers\Home))
#5 C:\laragon\www\cds4\system\CodeIgniter.php(326): CodeIgniter\CodeIgniter->handleRequest(NULL, Object(Config\Cache), false)
#6 C:\laragon\www\cds4\public\index.php(37): CodeIgniter\CodeIgniter->run()
#7 C:\laragon\www\cds4\system\Commands\Server\rewrite.php(43): require_once('C:\\laragon\\www\\...')
#8 {main}
CRITICAL - 2022-04-07 11:48:35 --> Invalid file: home.php
#0 C:\laragon\www\cds4\system\View\View.php(198): CodeIgniter\Exceptions\FrameworkException::forInvalidFile('home.php')
#1 C:\laragon\www\cds4\system\Common.php(1089): CodeIgniter\View\View->render('home', Array, true)
#2 C:\laragon\www\cds4\app\Controllers\Home.php(21): view('home', Array)
#3 C:\laragon\www\cds4\system\CodeIgniter.php(832): App\Controllers\Home->index()
#4 C:\laragon\www\cds4\system\CodeIgniter.php(419): CodeIgniter\CodeIgniter->runController(Object(App\Controllers\Home))
#5 C:\laragon\www\cds4\system\CodeIgniter.php(326): CodeIgniter\CodeIgniter->handleRequest(NULL, Object(Config\Cache), false)
#6 C:\laragon\www\cds4\public\index.php(37): CodeIgniter\CodeIgniter->run()
#7 C:\laragon\www\cds4\system\Commands\Server\rewrite.php(43): require_once('C:\\laragon\\www\\...')
#8 {main}
CRITICAL - 2022-04-07 11:48:35 --> Invalid file: home.php
#0 C:\laragon\www\cds4\system\View\View.php(198): CodeIgniter\Exceptions\FrameworkException::forInvalidFile('home.php')
#1 C:\laragon\www\cds4\system\Common.php(1089): CodeIgniter\View\View->render('home', Array, true)
#2 C:\laragon\www\cds4\app\Controllers\Home.php(21): view('home', Array)
#3 C:\laragon\www\cds4\system\CodeIgniter.php(832): App\Controllers\Home->index()
#4 C:\laragon\www\cds4\system\CodeIgniter.php(419): CodeIgniter\CodeIgniter->runController(Object(App\Controllers\Home))
#5 C:\laragon\www\cds4\system\CodeIgniter.php(326): CodeIgniter\CodeIgniter->handleRequest(NULL, Object(Config\Cache), false)
#6 C:\laragon\www\cds4\public\index.php(37): CodeIgniter\CodeIgniter->run()
#7 C:\laragon\www\cds4\system\Commands\Server\rewrite.php(43): require_once('C:\\laragon\\www\\...')
#8 {main}
CRITICAL - 2022-04-07 11:48:35 --> Invalid file: home.php
#0 C:\laragon\www\cds4\system\View\View.php(198): CodeIgniter\Exceptions\FrameworkException::forInvalidFile('home.php')
#1 C:\laragon\www\cds4\system\Common.php(1089): CodeIgniter\View\View->render('home', Array, true)
#2 C:\laragon\www\cds4\app\Controllers\Home.php(21): view('home', Array)
#3 C:\laragon\www\cds4\system\CodeIgniter.php(832): App\Controllers\Home->index()
#4 C:\laragon\www\cds4\system\CodeIgniter.php(419): CodeIgniter\CodeIgniter->runController(Object(App\Controllers\Home))
#5 C:\laragon\www\cds4\system\CodeIgniter.php(326): CodeIgniter\CodeIgniter->handleRequest(NULL, Object(Config\Cache), false)
#6 C:\laragon\www\cds4\public\index.php(37): CodeIgniter\CodeIgniter->run()
#7 C:\laragon\www\cds4\system\Commands\Server\rewrite.php(43): require_once('C:\\laragon\\www\\...')
#8 {main}
CRITICAL - 2022-04-07 11:48:35 --> Invalid file: home.php
#0 C:\laragon\www\cds4\system\View\View.php(198): CodeIgniter\Exceptions\FrameworkException::forInvalidFile('home.php')
#1 C:\laragon\www\cds4\system\Common.php(1089): CodeIgniter\View\View->render('home', Array, true)
#2 C:\laragon\www\cds4\app\Controllers\Home.php(21): view('home', Array)
#3 C:\laragon\www\cds4\system\CodeIgniter.php(832): App\Controllers\Home->index()
#4 C:\laragon\www\cds4\system\CodeIgniter.php(419): CodeIgniter\CodeIgniter->runController(Object(App\Controllers\Home))
#5 C:\laragon\www\cds4\system\CodeIgniter.php(326): CodeIgniter\CodeIgniter->handleRequest(NULL, Object(Config\Cache), false)
#6 C:\laragon\www\cds4\public\index.php(37): CodeIgniter\CodeIgniter->run()
#7 C:\laragon\www\cds4\system\Commands\Server\rewrite.php(43): require_once('C:\\laragon\\www\\...')
#8 {main}
CRITICAL - 2022-04-07 12:03:39 --> Undefined variable: porto
#0 C:\laragon\www\cds4\app\Views\index.php(120): CodeIgniter\Debug\Exceptions->errorHandler(8, 'Undefined varia...', 'C:\\laragon\\www\\...', 120, Array)
#1 C:\laragon\www\cds4\system\View\View.php(210): include('C:\\laragon\\www\\...')
#2 C:\laragon\www\cds4\system\View\View.php(213): CodeIgniter\View\View->CodeIgniter\View\{closure}()
#3 C:\laragon\www\cds4\system\Common.php(1089): CodeIgniter\View\View->render('index', Array, true)
#4 C:\laragon\www\cds4\app\Controllers\Home.php(23): view('index', Array)
#5 C:\laragon\www\cds4\system\CodeIgniter.php(832): App\Controllers\Home->index()
#6 C:\laragon\www\cds4\system\CodeIgniter.php(419): CodeIgniter\CodeIgniter->runController(Object(App\Controllers\Home))
#7 C:\laragon\www\cds4\system\CodeIgniter.php(326): CodeIgniter\CodeIgniter->handleRequest(NULL, Object(Config\Cache), false)
#8 C:\laragon\www\cds4\public\index.php(37): CodeIgniter\CodeIgniter->run()
#9 C:\laragon\www\cds4\system\Commands\Server\rewrite.php(43): require_once('C:\\laragon\\www\\...')
#10 {main}
CRITICAL - 2022-04-07 12:03:42 --> Undefined variable: porto
#0 C:\laragon\www\cds4\app\Views\index.php(120): CodeIgniter\Debug\Exceptions->errorHandler(8, 'Undefined varia...', 'C:\\laragon\\www\\...', 120, Array)
#1 C:\laragon\www\cds4\system\View\View.php(210): include('C:\\laragon\\www\\...')
#2 C:\laragon\www\cds4\system\View\View.php(213): CodeIgniter\View\View->CodeIgniter\View\{closure}()
#3 C:\laragon\www\cds4\system\Common.php(1089): CodeIgniter\View\View->render('index', Array, true)
#4 C:\laragon\www\cds4\app\Controllers\Home.php(23): view('index', Array)
#5 C:\laragon\www\cds4\system\CodeIgniter.php(832): App\Controllers\Home->index()
#6 C:\laragon\www\cds4\system\CodeIgniter.php(419): CodeIgniter\CodeIgniter->runController(Object(App\Controllers\Home))
#7 C:\laragon\www\cds4\system\CodeIgniter.php(326): CodeIgniter\CodeIgniter->handleRequest(NULL, Object(Config\Cache), false)
#8 C:\laragon\www\cds4\public\index.php(37): CodeIgniter\CodeIgniter->run()
#9 C:\laragon\www\cds4\system\Commands\Server\rewrite.php(43): require_once('C:\\laragon\\www\\...')
#10 {main}
CRITICAL - 2022-04-07 13:14:42 --> Undefined index: exp_in
#0 C:\laragon\www\cds4\app\Views\index.php(129): CodeIgniter\Debug\Exceptions->errorHandler(8, 'Undefined index...', 'C:\\laragon\\www\\...', 129, Array)
#1 C:\laragon\www\cds4\system\View\View.php(210): include('C:\\laragon\\www\\...')
#2 C:\laragon\www\cds4\system\View\View.php(213): CodeIgniter\View\View->CodeIgniter\View\{closure}()
#3 C:\laragon\www\cds4\system\Common.php(1089): CodeIgniter\View\View->render('index', Array, true)
#4 C:\laragon\www\cds4\app\Controllers\Home.php(23): view('index', Array)
#5 C:\laragon\www\cds4\system\CodeIgniter.php(832): App\Controllers\Home->index()
#6 C:\laragon\www\cds4\system\CodeIgniter.php(419): CodeIgniter\CodeIgniter->runController(Object(App\Controllers\Home))
#7 C:\laragon\www\cds4\system\CodeIgniter.php(326): CodeIgniter\CodeIgniter->handleRequest(NULL, Object(Config\Cache), false)
#8 C:\laragon\www\cds4\public\index.php(37): CodeIgniter\CodeIgniter->run()
#9 C:\laragon\www\cds4\system\Commands\Server\rewrite.php(43): require_once('C:\\laragon\\www\\...')
#10 {main}
